<?xml version="1.0" encoding="utf-8"?><testsuites><testsuite name="pytest" errors="54" failures="66" skipped="3" tests="160" time="350.966" timestamp="2025-06-26T17:53:30.749194" hostname="DeoismJarvis"><testcase classname="whitelabel-rag.scripts.test_internet_search" name="test_direct_google_api" time="1.484" /><testcase classname="whitelabel-rag.scripts.test_internet_search" name="test_app_integration" time="4.601" /><testcase classname="whitelabel-rag.tests.e2e.test_chat_flow" name="test_chat_flow" time="0.001"><skipped type="pytest.skip" message="E2E tests not enabled">E:\2024 RESET\dvoid\whitelabel-rag\tests\e2e\test_chat_flow.py:6: E2E tests not enabled</skipped></testcase><testcase classname="whitelabel-rag.tests.environment.test_environment" name="test_core_directories_exist" time="0.028" /><testcase classname="whitelabel-rag.tests.integration.test_api.TestAPI" name="test_health_endpoint" time="0.845" /><testcase classname="whitelabel-rag.tests.integration.test_api.TestAPI" name="test_api_health_endpoint" time="0.249" /><testcase classname="whitelabel-rag.tests.integration.test_api.TestAPI" name="test_files_listing" time="0.203" /><testcase classname="whitelabel-rag.tests.integration.test_api.TestAPI" name="test_decompose_endpoint" time="17.720"><failure message="assert 500 == 200&#10; +  where 500 = &lt;Response [500 Internal Server Error]&gt;.status_code">self = &lt;tests.integration.test_api.TestAPI object at 0x0000023E97ABC260&gt;
client = &lt;starlette.testclient.TestClient object at 0x0000023EA33FF110&gt;
mock_llm = &lt;MagicMock id='2468050105696'&gt;
monkeypatch = &lt;_pytest.monkeypatch.MonkeyPatch object at 0x0000023EA33D7BF0&gt;

    def test_decompose_endpoint(self, client, mock_llm, monkeypatch):
        """Test the decompose endpoint"""
        # Reset ChromaService singleton
        from app.services.chroma_service import _chroma_service_instance
        _chroma_service_instance = None
    
        # Configure mock LLM response
        mock_llm.generate_text.return_value = json.dumps({
            "steps": [
                {
                    "step_number": 1,
                    "instruction": "Search for information",
                    "suggested_agent_type": "SearchAgent"
                }
            ]
        })
    
        response = client.post(
            '/api/decompose',
            json={"message": "Test query"}
        )
    
&gt;       assert response.status_code == 200
E       assert 500 == 200
E        +  where 500 = &lt;Response [500 Internal Server Error]&gt;.status_code

whitelabel-rag\tests\integration\test_api.py:64: AssertionError</failure></testcase><testcase classname="whitelabel-rag.tests.integration.test_api.TestAPI" name="test_file_upload" time="0.204"><error message="failed on setup with &quot;AttributeError: 'function' object at app.services.chroma_service.ChromaService has no attribute '_setup_chroma'&quot;">obj = &lt;function mock_chroma_service.&lt;locals&gt;.&lt;lambda&gt; at 0x0000023EA38FACA0&gt;
name = '_setup_chroma', ann = 'app.services.chroma_service.ChromaService'

    def annotated_getattr(obj: object, name: str, ann: str) -&gt; object:
        try:
&gt;           obj = getattr(obj, name)
E           AttributeError: 'function' object has no attribute '_setup_chroma'

C:\Users\deois\AppData\Local\Programs\Python\Python312\Lib\site-packages\_pytest\monkeypatch.py:92: AttributeError

The above exception was the direct cause of the following exception:

monkeypatch = &lt;_pytest.monkeypatch.MonkeyPatch object at 0x0000023EA3408CB0&gt;

    @pytest.fixture
    def mock_chroma_service(monkeypatch):
        mock = MagicMock()
        mock.query_documents.return_value = {
            'documents': [['Document content']],
            'metadatas': [[{'source': 'test_source'}]],
            'distances': [[0.1]]
        }
        monkeypatch.setattr('app.services.chroma_service.get_chroma_service_instance', lambda: mock)
        monkeypatch.setattr('app.services.chroma_service.ChromaService', lambda: mock)
        # Patch document processor methods to avoid real PDF parsing errors
        monkeypatch.setattr('app.services.document_processor.DocumentProcessor._extract_text', lambda self, file_path: "Extracted text")
        monkeypatch.setattr('app.services.document_processor.DocumentProcessor._create_chunks', lambda self, text: ["chunk1", "chunk2"])
        monkeypatch.setattr('app.services.document_processor.DocumentProcessor.process_document', lambda self, file_path: {"success": True, "chunks": ["chunk1", "chunk2"]})
        # Patch ChromaService._setup_chroma to no-op to avoid real ChromaDB calls
&gt;       monkeypatch.setattr('app.services.chroma_service.ChromaService._setup_chroma', lambda self: None)
E       AttributeError: 'function' object at app.services.chroma_service.ChromaService has no attribute '_setup_chroma'

whitelabel-rag\tests\conftest.py:74: AttributeError</error></testcase><testcase classname="whitelabel-rag.tests.integration.test_api.TestAPI" name="test_query_endpoint" time="0.040"><error message="failed on setup with &quot;AttributeError: 'function' object at app.services.chroma_service.ChromaService has no attribute '_setup_chroma'&quot;">obj = &lt;function mock_chroma_service.&lt;locals&gt;.&lt;lambda&gt; at 0x0000023EA3929EE0&gt;
name = '_setup_chroma', ann = 'app.services.chroma_service.ChromaService'

    def annotated_getattr(obj: object, name: str, ann: str) -&gt; object:
        try:
&gt;           obj = getattr(obj, name)
E           AttributeError: 'function' object has no attribute '_setup_chroma'

C:\Users\deois\AppData\Local\Programs\Python\Python312\Lib\site-packages\_pytest\monkeypatch.py:92: AttributeError

The above exception was the direct cause of the following exception:

monkeypatch = &lt;_pytest.monkeypatch.MonkeyPatch object at 0x0000023EA3901DC0&gt;

    @pytest.fixture
    def mock_chroma_service(monkeypatch):
        mock = MagicMock()
        mock.query_documents.return_value = {
            'documents': [['Document content']],
            'metadatas': [[{'source': 'test_source'}]],
            'distances': [[0.1]]
        }
        monkeypatch.setattr('app.services.chroma_service.get_chroma_service_instance', lambda: mock)
        monkeypatch.setattr('app.services.chroma_service.ChromaService', lambda: mock)
        # Patch document processor methods to avoid real PDF parsing errors
        monkeypatch.setattr('app.services.document_processor.DocumentProcessor._extract_text', lambda self, file_path: "Extracted text")
        monkeypatch.setattr('app.services.document_processor.DocumentProcessor._create_chunks', lambda self, text: ["chunk1", "chunk2"])
        monkeypatch.setattr('app.services.document_processor.DocumentProcessor.process_document', lambda self, file_path: {"success": True, "chunks": ["chunk1", "chunk2"]})
        # Patch ChromaService._setup_chroma to no-op to avoid real ChromaDB calls
&gt;       monkeypatch.setattr('app.services.chroma_service.ChromaService._setup_chroma', lambda self: None)
E       AttributeError: 'function' object at app.services.chroma_service.ChromaService has no attribute '_setup_chroma'

whitelabel-rag\tests\conftest.py:74: AttributeError</error></testcase><testcase classname="whitelabel-rag.tests.integration.test_basic_rag.TestBasicRAG" name="test_basic_rag_query_flow" time="0.048"><error message="failed on setup with &quot;AttributeError: 'FastAPI' object has no attribute 'response_class'&quot;">request = &lt;SubRequest '_monkeypatch_response_class' for &lt;Function test_basic_rag_query_flow&gt;&gt;
monkeypatch = &lt;_pytest.monkeypatch.MonkeyPatch object at 0x0000023EA395C1D0&gt;

    @pytest.fixture(autouse=True)
    def _monkeypatch_response_class(request, monkeypatch):
        """Set custom response class before test suite and restore the original
        after. Custom response has `json` property to easily test JSON responses::
    
            @app.route('/ping')
            def ping():
                return jsonify(ping='pong')
    
            def test_json(client):
                res = client.get(url_for('ping'))
                assert res.json == {'ping': 'pong'}
    
        """
    
        if "app" not in request.fixturenames:
            return
    
        app = getfixturevalue(request, "app")
        monkeypatch.setattr(
&gt;           app, "response_class", _make_test_response_class(app.response_class)
        )
E       AttributeError: 'FastAPI' object has no attribute 'response_class'

C:\Users\deois\AppData\Local\Programs\Python\Python312\Lib\site-packages\pytest_flask\plugin.py:77: AttributeError</error></testcase><testcase classname="whitelabel-rag.tests.integration.test_basic_rag.TestBasicRAG" name="test_document_upload_and_query" time="0.035"><error message="failed on setup with &quot;AttributeError: 'FastAPI' object has no attribute 'response_class'&quot;">request = &lt;SubRequest '_monkeypatch_response_class' for &lt;Function test_document_upload_and_query&gt;&gt;
monkeypatch = &lt;_pytest.monkeypatch.MonkeyPatch object at 0x0000023EA39572C0&gt;

    @pytest.fixture(autouse=True)
    def _monkeypatch_response_class(request, monkeypatch):
        """Set custom response class before test suite and restore the original
        after. Custom response has `json` property to easily test JSON responses::
    
            @app.route('/ping')
            def ping():
                return jsonify(ping='pong')
    
            def test_json(client):
                res = client.get(url_for('ping'))
                assert res.json == {'ping': 'pong'}
    
        """
    
        if "app" not in request.fixturenames:
            return
    
        app = getfixturevalue(request, "app")
        monkeypatch.setattr(
&gt;           app, "response_class", _make_test_response_class(app.response_class)
        )
E       AttributeError: 'FastAPI' object has no attribute 'response_class'

C:\Users\deois\AppData\Local\Programs\Python\Python312\Lib\site-packages\pytest_flask\plugin.py:77: AttributeError</error></testcase><testcase classname="whitelabel-rag.tests.integration.test_document_ingestion.TestDocumentIngestion" name="test_upload_and_ingest_document" time="0.638"><error message="failed on setup with &quot;AttributeError: 'FastAPI' object has no attribute 'response_class'&quot;">request = &lt;SubRequest '_monkeypatch_response_class' for &lt;Function test_upload_and_ingest_document&gt;&gt;
monkeypatch = &lt;_pytest.monkeypatch.MonkeyPatch object at 0x0000023EA3972CF0&gt;

    @pytest.fixture(autouse=True)
    def _monkeypatch_response_class(request, monkeypatch):
        """Set custom response class before test suite and restore the original
        after. Custom response has `json` property to easily test JSON responses::
    
            @app.route('/ping')
            def ping():
                return jsonify(ping='pong')
    
            def test_json(client):
                res = client.get(url_for('ping'))
                assert res.json == {'ping': 'pong'}
    
        """
    
        if "app" not in request.fixturenames:
            return
    
        app = getfixturevalue(request, "app")
        monkeypatch.setattr(
&gt;           app, "response_class", _make_test_response_class(app.response_class)
        )
E       AttributeError: 'FastAPI' object has no attribute 'response_class'

C:\Users\deois\AppData\Local\Programs\Python\Python312\Lib\site-packages\pytest_flask\plugin.py:77: AttributeError</error></testcase><testcase classname="whitelabel-rag.tests.integration.test_document_ingestion.TestDocumentIngestion" name="test_invalid_file_type_rejection" time="0.039"><error message="failed on setup with &quot;AttributeError: 'FastAPI' object has no attribute 'response_class'&quot;">request = &lt;SubRequest '_monkeypatch_response_class' for &lt;Function test_invalid_file_type_rejection&gt;&gt;
monkeypatch = &lt;_pytest.monkeypatch.MonkeyPatch object at 0x0000023EA3993470&gt;

    @pytest.fixture(autouse=True)
    def _monkeypatch_response_class(request, monkeypatch):
        """Set custom response class before test suite and restore the original
        after. Custom response has `json` property to easily test JSON responses::
    
            @app.route('/ping')
            def ping():
                return jsonify(ping='pong')
    
            def test_json(client):
                res = client.get(url_for('ping'))
                assert res.json == {'ping': 'pong'}
    
        """
    
        if "app" not in request.fixturenames:
            return
    
        app = getfixturevalue(request, "app")
        monkeypatch.setattr(
&gt;           app, "response_class", _make_test_response_class(app.response_class)
        )
E       AttributeError: 'FastAPI' object has no attribute 'response_class'

C:\Users\deois\AppData\Local\Programs\Python\Python312\Lib\site-packages\pytest_flask\plugin.py:77: AttributeError</error></testcase><testcase classname="whitelabel-rag.tests.integration.test_document_ingestion.TestDocumentIngestion" name="test_empty_file_rejection" time="0.159"><error message="failed on setup with &quot;AttributeError: 'FastAPI' object has no attribute 'response_class'&quot;">request = &lt;SubRequest '_monkeypatch_response_class' for &lt;Function test_empty_file_rejection&gt;&gt;
monkeypatch = &lt;_pytest.monkeypatch.MonkeyPatch object at 0x0000023EA39A2CC0&gt;

    @pytest.fixture(autouse=True)
    def _monkeypatch_response_class(request, monkeypatch):
        """Set custom response class before test suite and restore the original
        after. Custom response has `json` property to easily test JSON responses::
    
            @app.route('/ping')
            def ping():
                return jsonify(ping='pong')
    
            def test_json(client):
                res = client.get(url_for('ping'))
                assert res.json == {'ping': 'pong'}
    
        """
    
        if "app" not in request.fixturenames:
            return
    
        app = getfixturevalue(request, "app")
        monkeypatch.setattr(
&gt;           app, "response_class", _make_test_response_class(app.response_class)
        )
E       AttributeError: 'FastAPI' object has no attribute 'response_class'

C:\Users\deois\AppData\Local\Programs\Python\Python312\Lib\site-packages\pytest_flask\plugin.py:77: AttributeError</error></testcase><testcase classname="whitelabel-rag.tests.rag.test_rag_workflows.TestRAGWorkflows" name="test_basic_rag_workflow" time="0.045"><failure message="AttributeError: &lt;module 'app.services.rag_manager' from 'E:\\2024 RESET\\dvoid\\whitelabel-rag\\app\\services\\rag_manager.py'&gt; does not have the attribute 'LLMFactory'">args = (&lt;tests.rag.test_rag_workflows.TestRAGWorkflows object at 0x0000023E95CEB5C0&gt;,)
keywargs = {'mock_chroma_service': &lt;MagicMock id='2468055812816'&gt;, 'mock_llm': &lt;MagicMock id='2468055699760'&gt;, 'mock_sba_service': &lt;MagicMock id='2468056001248'&gt;}

    @wraps(func)
    def patched(*args, **keywargs):
&gt;       with self.decoration_helper(patched,
                                    args,
                                    keywargs) as (newargs, newkeywargs):

C:\Users\deois\AppData\Local\Programs\Python\Python312\Lib\unittest\mock.py:1390: 
_ _ _ _ _ _ _ _ _ _ _ _ _ _ _ _ _ _ _ _ _ _ _ _ _ _ _ _ _ _ _ _ _ _ _ _ _ _ _ _ _ _ _ _ _ _ _ _
C:\Users\deois\AppData\Local\Programs\Python\Python312\Lib\contextlib.py:137: in __enter__
    return next(self.gen)
C:\Users\deois\AppData\Local\Programs\Python\Python312\Lib\unittest\mock.py:1372: in decoration_helper
    arg = exit_stack.enter_context(patching)
C:\Users\deois\AppData\Local\Programs\Python\Python312\Lib\contextlib.py:526: in enter_context
    result = _enter(cm)
C:\Users\deois\AppData\Local\Programs\Python\Python312\Lib\unittest\mock.py:1461: in __enter__
    original, local = self.get_original()
_ _ _ _ _ _ _ _ _ _ _ _ _ _ _ _ _ _ _ _ _ _ _ _ _ _ _ _ _ _ _ _ _ _ _ _ _ _ _ _ _ _ _ _ _ _ _ _

self = &lt;unittest.mock._patch object at 0x0000023E95CC0410&gt;

    def get_original(self):
        target = self.getter()
        name = self.attribute
    
        original = DEFAULT
        local = False
    
        try:
            original = target.__dict__[name]
        except (AttributeError, KeyError):
            original = getattr(target, name, DEFAULT)
        else:
            local = True
    
        if name in _builtins and isinstance(target, ModuleType):
            self.create = True
    
        if not self.create and original is DEFAULT:
&gt;           raise AttributeError(
                "%s does not have the attribute %r" % (target, name)
            )
E           AttributeError: &lt;module 'app.services.rag_manager' from 'E:\\2024 RESET\\dvoid\\whitelabel-rag\\app\\services\\rag_manager.py'&gt; does not have the attribute 'LLMFactory'

C:\Users\deois\AppData\Local\Programs\Python\Python312\Lib\unittest\mock.py:1434: AttributeError</failure></testcase><testcase classname="whitelabel-rag.tests.rag.test_rag_workflows.TestRAGWorkflows" name="test_advanced_rag_workflow" time="0.019"><failure message="AttributeError: &lt;module 'app.services.rag_manager' from 'E:\\2024 RESET\\dvoid\\whitelabel-rag\\app\\services\\rag_manager.py'&gt; does not have the attribute 'LLMFactory'">args = (&lt;tests.rag.test_rag_workflows.TestRAGWorkflows object at 0x0000023E95CEBBF0&gt;,)
keywargs = {'mock_chroma_service': &lt;MagicMock id='2468055701392'&gt;, 'mock_llm': &lt;MagicMock id='2468055729792'&gt;, 'mock_sba_service': &lt;MagicMock id='2468055734064'&gt;}

    @wraps(func)
    def patched(*args, **keywargs):
&gt;       with self.decoration_helper(patched,
                                    args,
                                    keywargs) as (newargs, newkeywargs):

C:\Users\deois\AppData\Local\Programs\Python\Python312\Lib\unittest\mock.py:1390: 
_ _ _ _ _ _ _ _ _ _ _ _ _ _ _ _ _ _ _ _ _ _ _ _ _ _ _ _ _ _ _ _ _ _ _ _ _ _ _ _ _ _ _ _ _ _ _ _
C:\Users\deois\AppData\Local\Programs\Python\Python312\Lib\contextlib.py:137: in __enter__
    return next(self.gen)
C:\Users\deois\AppData\Local\Programs\Python\Python312\Lib\unittest\mock.py:1372: in decoration_helper
    arg = exit_stack.enter_context(patching)
C:\Users\deois\AppData\Local\Programs\Python\Python312\Lib\contextlib.py:526: in enter_context
    result = _enter(cm)
C:\Users\deois\AppData\Local\Programs\Python\Python312\Lib\unittest\mock.py:1461: in __enter__
    original, local = self.get_original()
_ _ _ _ _ _ _ _ _ _ _ _ _ _ _ _ _ _ _ _ _ _ _ _ _ _ _ _ _ _ _ _ _ _ _ _ _ _ _ _ _ _ _ _ _ _ _ _

self = &lt;unittest.mock._patch object at 0x0000023E95CEAC30&gt;

    def get_original(self):
        target = self.getter()
        name = self.attribute
    
        original = DEFAULT
        local = False
    
        try:
            original = target.__dict__[name]
        except (AttributeError, KeyError):
            original = getattr(target, name, DEFAULT)
        else:
            local = True
    
        if name in _builtins and isinstance(target, ModuleType):
            self.create = True
    
        if not self.create and original is DEFAULT:
&gt;           raise AttributeError(
                "%s does not have the attribute %r" % (target, name)
            )
E           AttributeError: &lt;module 'app.services.rag_manager' from 'E:\\2024 RESET\\dvoid\\whitelabel-rag\\app\\services\\rag_manager.py'&gt; does not have the attribute 'LLMFactory'

C:\Users\deois\AppData\Local\Programs\Python\Python312\Lib\unittest\mock.py:1434: AttributeError</failure></testcase><testcase classname="whitelabel-rag.tests.rag.test_rag_workflows.TestRAGWorkflows" name="test_recursive_rag_workflow" time="0.014"><failure message="AttributeError: &lt;module 'app.services.rag_manager' from 'E:\\2024 RESET\\dvoid\\whitelabel-rag\\app\\services\\rag_manager.py'&gt; does not have the attribute 'LLMFactory'">args = (&lt;tests.rag.test_rag_workflows.TestRAGWorkflows object at 0x0000023E95CEBF20&gt;,)
keywargs = {'mock_chroma_service': &lt;MagicMock id='2468055745024'&gt;, 'mock_llm': &lt;MagicMock id='2468055361936'&gt;, 'mock_sba_service': &lt;MagicMock id='2468055353392'&gt;}

    @wraps(func)
    def patched(*args, **keywargs):
&gt;       with self.decoration_helper(patched,
                                    args,
                                    keywargs) as (newargs, newkeywargs):

C:\Users\deois\AppData\Local\Programs\Python\Python312\Lib\unittest\mock.py:1390: 
_ _ _ _ _ _ _ _ _ _ _ _ _ _ _ _ _ _ _ _ _ _ _ _ _ _ _ _ _ _ _ _ _ _ _ _ _ _ _ _ _ _ _ _ _ _ _ _
C:\Users\deois\AppData\Local\Programs\Python\Python312\Lib\contextlib.py:137: in __enter__
    return next(self.gen)
C:\Users\deois\AppData\Local\Programs\Python\Python312\Lib\unittest\mock.py:1372: in decoration_helper
    arg = exit_stack.enter_context(patching)
C:\Users\deois\AppData\Local\Programs\Python\Python312\Lib\contextlib.py:526: in enter_context
    result = _enter(cm)
C:\Users\deois\AppData\Local\Programs\Python\Python312\Lib\unittest\mock.py:1461: in __enter__
    original, local = self.get_original()
_ _ _ _ _ _ _ _ _ _ _ _ _ _ _ _ _ _ _ _ _ _ _ _ _ _ _ _ _ _ _ _ _ _ _ _ _ _ _ _ _ _ _ _ _ _ _ _

self = &lt;unittest.mock._patch object at 0x0000023E95CEAA20&gt;

    def get_original(self):
        target = self.getter()
        name = self.attribute
    
        original = DEFAULT
        local = False
    
        try:
            original = target.__dict__[name]
        except (AttributeError, KeyError):
            original = getattr(target, name, DEFAULT)
        else:
            local = True
    
        if name in _builtins and isinstance(target, ModuleType):
            self.create = True
    
        if not self.create and original is DEFAULT:
&gt;           raise AttributeError(
                "%s does not have the attribute %r" % (target, name)
            )
E           AttributeError: &lt;module 'app.services.rag_manager' from 'E:\\2024 RESET\\dvoid\\whitelabel-rag\\app\\services\\rag_manager.py'&gt; does not have the attribute 'LLMFactory'

C:\Users\deois\AppData\Local\Programs\Python\Python312\Lib\unittest\mock.py:1434: AttributeError</failure></testcase><testcase classname="whitelabel-rag.tests.rag.test_rag_workflows.TestRAGWorkflows" name="test_adaptive_rag_workflow" time="0.015"><failure message="AttributeError: &lt;module 'app.services.rag_manager' from 'E:\\2024 RESET\\dvoid\\whitelabel-rag\\app\\services\\rag_manager.py'&gt; does not have the attribute 'LLMFactory'">args = (&lt;tests.rag.test_rag_workflows.TestRAGWorkflows object at 0x0000023EA1280290&gt;,)
keywargs = {'mock_chroma_service': &lt;MagicMock id='2468056229184'&gt;, 'mock_llm': &lt;MagicMock id='2468056540336'&gt;, 'mock_sba_service': &lt;MagicMock id='2468056532848'&gt;}

    @wraps(func)
    def patched(*args, **keywargs):
&gt;       with self.decoration_helper(patched,
                                    args,
                                    keywargs) as (newargs, newkeywargs):

C:\Users\deois\AppData\Local\Programs\Python\Python312\Lib\unittest\mock.py:1390: 
_ _ _ _ _ _ _ _ _ _ _ _ _ _ _ _ _ _ _ _ _ _ _ _ _ _ _ _ _ _ _ _ _ _ _ _ _ _ _ _ _ _ _ _ _ _ _ _
C:\Users\deois\AppData\Local\Programs\Python\Python312\Lib\contextlib.py:137: in __enter__
    return next(self.gen)
C:\Users\deois\AppData\Local\Programs\Python\Python312\Lib\unittest\mock.py:1372: in decoration_helper
    arg = exit_stack.enter_context(patching)
C:\Users\deois\AppData\Local\Programs\Python\Python312\Lib\contextlib.py:526: in enter_context
    result = _enter(cm)
C:\Users\deois\AppData\Local\Programs\Python\Python312\Lib\unittest\mock.py:1461: in __enter__
    original, local = self.get_original()
_ _ _ _ _ _ _ _ _ _ _ _ _ _ _ _ _ _ _ _ _ _ _ _ _ _ _ _ _ _ _ _ _ _ _ _ _ _ _ _ _ _ _ _ _ _ _ _

self = &lt;unittest.mock._patch object at 0x0000023E95CEB0B0&gt;

    def get_original(self):
        target = self.getter()
        name = self.attribute
    
        original = DEFAULT
        local = False
    
        try:
            original = target.__dict__[name]
        except (AttributeError, KeyError):
            original = getattr(target, name, DEFAULT)
        else:
            local = True
    
        if name in _builtins and isinstance(target, ModuleType):
            self.create = True
    
        if not self.create and original is DEFAULT:
&gt;           raise AttributeError(
                "%s does not have the attribute %r" % (target, name)
            )
E           AttributeError: &lt;module 'app.services.rag_manager' from 'E:\\2024 RESET\\dvoid\\whitelabel-rag\\app\\services\\rag_manager.py'&gt; does not have the attribute 'LLMFactory'

C:\Users\deois\AppData\Local\Programs\Python\Python312\Lib\unittest\mock.py:1434: AttributeError</failure></testcase><testcase classname="whitelabel-rag.tests.test_api" name="test_health_check" time="0.016"><error message="failed on setup with &quot;TypeError: create_app() takes 0 positional arguments but 1 was given&quot;">@pytest.fixture
    def client():
&gt;       app = create_app({'TESTING': True})
E       TypeError: create_app() takes 0 positional arguments but 1 was given

whitelabel-rag\tests\test_api.py:6: TypeError</error></testcase><testcase classname="whitelabel-rag.tests.test_api" name="test_decompose_endpoint" time="0.006"><error message="failed on setup with &quot;TypeError: create_app() takes 0 positional arguments but 1 was given&quot;">@pytest.fixture
    def client():
&gt;       app = create_app({'TESTING': True})
E       TypeError: create_app() takes 0 positional arguments but 1 was given

whitelabel-rag\tests\test_api.py:6: TypeError</error></testcase><testcase classname="whitelabel-rag.tests.test_api_decompose" name="test_decompose" time="0.069"><failure message="AttributeError: 'FastAPI' object has no attribute 'config'">def test_decompose():
        app = create_app()
&gt;       app.config['TESTING'] = True
E       AttributeError: 'FastAPI' object has no attribute 'config'

whitelabel-rag\tests\test_api_decompose.py:6: AttributeError</failure></testcase><testcase classname="whitelabel-rag.tests.test_api_edge_cases" name="test_execute_task_with_missing_fields" time="8.244"><failure message="assert 500 == 400&#10; +  where 500 = &lt;Response [500 Internal Server Error]&gt;.status_code">client = &lt;starlette.testclient.TestClient object at 0x0000023EA395D550&gt;

    def test_execute_task_with_missing_fields(client):
        # Missing suggested_agent_type
        task = {
            'task': {
                'instruction': 'Do something',
                'step_number': 1
            }
        }
        response = client.post('/api/execute', json=task)
&gt;       assert response.status_code == 400
E       assert 500 == 400
E        +  where 500 = &lt;Response [500 Internal Server Error]&gt;.status_code

whitelabel-rag\tests\test_api_edge_cases.py:23: AssertionError</failure></testcase><testcase classname="whitelabel-rag.tests.test_api_edge_cases" name="test_upload_file_invalid_content_type" time="0.174"><failure message="assert 422 == 400&#10; +  where 422 = &lt;Response [422 Unprocessable Entity]&gt;.status_code">client = &lt;starlette.testclient.TestClient object at 0x0000023EA3990920&gt;

    def test_upload_file_invalid_content_type(client):
        data = {
            'file': (io.BytesIO(b'test content'), 'test.txt')
        }
        # Missing content_type
        response = client.post('/api/files', data=data)
&gt;       assert response.status_code == 400
E       assert 422 == 400
E        +  where 422 = &lt;Response [422 Unprocessable Entity]&gt;.status_code

whitelabel-rag\tests\test_api_edge_cases.py:33: AssertionError</failure></testcase><testcase classname="whitelabel-rag.tests.test_api_edge_cases" name="test_query_documents_empty_query" time="0.099"><failure message="assert 500 == 400&#10; +  where 500 = &lt;Response [500 Internal Server Error]&gt;.status_code">client = &lt;starlette.testclient.TestClient object at 0x0000023EA3A7A7B0&gt;

    def test_query_documents_empty_query(client):
        response = client.post('/api/query', json={'query': ''})
&gt;       assert response.status_code == 400
E       assert 500 == 400
E        +  where 500 = &lt;Response [500 Internal Server Error]&gt;.status_code

whitelabel-rag\tests\test_api_edge_cases.py:37: AssertionError</failure></testcase><testcase classname="whitelabel-rag.tests.test_api_edge_cases" name="test_validate_result_missing_task" time="0.069"><failure message="assert 500 == 400&#10; +  where 500 = &lt;Response [500 Internal Server Error]&gt;.status_code">client = &lt;starlette.testclient.TestClient object at 0x0000023EA399D550&gt;

    def test_validate_result_missing_task(client):
        payload = {
            'result': 'Some result'
        }
        response = client.post('/api/validate', json=payload)
&gt;       assert response.status_code == 400
E       assert 500 == 400
E        +  where 500 = &lt;Response [500 Internal Server Error]&gt;.status_code

whitelabel-rag\tests\test_api_edge_cases.py:46: AssertionError</failure></testcase><testcase classname="whitelabel-rag.tests.test_api_endpoints" name="test_decompose_task" time="0.035"><error message="failed on setup with &quot;ImportError: cannot import name 'api_bp' from 'app.api.routes' (E:\2024 RESET\dvoid\whitelabel-rag\app\api\routes.py)&quot;">@pytest.fixture
    def client():
        """Create a test client for the application."""
&gt;       from app.api.routes import api_bp
E       ImportError: cannot import name 'api_bp' from 'app.api.routes' (E:\2024 RESET\dvoid\whitelabel-rag\app\api\routes.py)

whitelabel-rag\tests\test_api_endpoints.py:40: ImportError</error></testcase><testcase classname="whitelabel-rag.tests.test_api_endpoints" name="test_execute_task_with_unknown_agent" time="0.019"><error message="failed on setup with &quot;ImportError: cannot import name 'api_bp' from 'app.api.routes' (E:\2024 RESET\dvoid\whitelabel-rag\app\api\routes.py)&quot;">@pytest.fixture
    def client():
        """Create a test client for the application."""
&gt;       from app.api.routes import api_bp
E       ImportError: cannot import name 'api_bp' from 'app.api.routes' (E:\2024 RESET\dvoid\whitelabel-rag\app\api\routes.py)

whitelabel-rag\tests\test_api_endpoints.py:40: ImportError</error></testcase><testcase classname="whitelabel-rag.tests.test_api_endpoints" name="test_execute_task_with_search_agent" time="0.008"><error message="failed on setup with &quot;ImportError: cannot import name 'api_bp' from 'app.api.routes' (E:\2024 RESET\dvoid\whitelabel-rag\app\api\routes.py)&quot;">@pytest.fixture
    def client():
        """Create a test client for the application."""
&gt;       from app.api.routes import api_bp
E       ImportError: cannot import name 'api_bp' from 'app.api.routes' (E:\2024 RESET\dvoid\whitelabel-rag\app\api\routes.py)

whitelabel-rag\tests\test_api_endpoints.py:40: ImportError</error></testcase><testcase classname="whitelabel-rag.tests.test_api_endpoints" name="test_validate_result_pass" time="0.008"><error message="failed on setup with &quot;ImportError: cannot import name 'api_bp' from 'app.api.routes' (E:\2024 RESET\dvoid\whitelabel-rag\app\api\routes.py)&quot;">@pytest.fixture
    def client():
        """Create a test client for the application."""
&gt;       from app.api.routes import api_bp
E       ImportError: cannot import name 'api_bp' from 'app.api.routes' (E:\2024 RESET\dvoid\whitelabel-rag\app\api\routes.py)

whitelabel-rag\tests\test_api_endpoints.py:40: ImportError</error></testcase><testcase classname="whitelabel-rag.tests.test_api_endpoints" name="test_validate_result_fail" time="0.012"><error message="failed on setup with &quot;ImportError: cannot import name 'api_bp' from 'app.api.routes' (E:\2024 RESET\dvoid\whitelabel-rag\app\api\routes.py)&quot;">@pytest.fixture
    def client():
        """Create a test client for the application."""
&gt;       from app.api.routes import api_bp
E       ImportError: cannot import name 'api_bp' from 'app.api.routes' (E:\2024 RESET\dvoid\whitelabel-rag\app\api\routes.py)

whitelabel-rag\tests\test_api_endpoints.py:40: ImportError</error></testcase><testcase classname="whitelabel-rag.tests.test_api_endpoints" name="test_list_files_empty" time="0.053"><error message="failed on setup with &quot;ImportError: cannot import name 'api_bp' from 'app.api.routes' (E:\2024 RESET\dvoid\whitelabel-rag\app\api\routes.py)&quot;">@pytest.fixture
    def client():
        """Create a test client for the application."""
&gt;       from app.api.routes import api_bp
E       ImportError: cannot import name 'api_bp' from 'app.api.routes' (E:\2024 RESET\dvoid\whitelabel-rag\app\api\routes.py)

whitelabel-rag\tests\test_api_endpoints.py:40: ImportError</error></testcase><testcase classname="whitelabel-rag.tests.test_api_endpoints" name="test_upload_file_no_file" time="0.021"><error message="failed on setup with &quot;ImportError: cannot import name 'api_bp' from 'app.api.routes' (E:\2024 RESET\dvoid\whitelabel-rag\app\api\routes.py)&quot;">@pytest.fixture
    def client():
        """Create a test client for the application."""
&gt;       from app.api.routes import api_bp
E       ImportError: cannot import name 'api_bp' from 'app.api.routes' (E:\2024 RESET\dvoid\whitelabel-rag\app\api\routes.py)

whitelabel-rag\tests\test_api_endpoints.py:40: ImportError</error></testcase><testcase classname="whitelabel-rag.tests.test_api_endpoints" name="test_query_documents_missing_query" time="0.014"><error message="failed on setup with &quot;ImportError: cannot import name 'api_bp' from 'app.api.routes' (E:\2024 RESET\dvoid\whitelabel-rag\app\api\routes.py)&quot;">@pytest.fixture
    def client():
        """Create a test client for the application."""
&gt;       from app.api.routes import api_bp
E       ImportError: cannot import name 'api_bp' from 'app.api.routes' (E:\2024 RESET\dvoid\whitelabel-rag\app\api\routes.py)

whitelabel-rag\tests\test_api_endpoints.py:40: ImportError</error></testcase><testcase classname="whitelabel-rag.tests.test_api_endpoints" name="test_query_documents_success" time="0.051"><error message="failed on setup with &quot;ImportError: cannot import name 'api_bp' from 'app.api.routes' (E:\2024 RESET\dvoid\whitelabel-rag\app\api\routes.py)&quot;">@pytest.fixture
    def client():
        """Create a test client for the application."""
&gt;       from app.api.routes import api_bp
E       ImportError: cannot import name 'api_bp' from 'app.api.routes' (E:\2024 RESET\dvoid\whitelabel-rag\app\api\routes.py)

whitelabel-rag\tests\test_api_endpoints.py:40: ImportError</error></testcase><testcase classname="whitelabel-rag.tests.test_api_endpoints" name="test_upload_file_success" time="0.010"><error message="failed on setup with &quot;ImportError: cannot import name 'api_bp' from 'app.api.routes' (E:\2024 RESET\dvoid\whitelabel-rag\app\api\routes.py)&quot;">@pytest.fixture
    def client():
        """Create a test client for the application."""
&gt;       from app.api.routes import api_bp
E       ImportError: cannot import name 'api_bp' from 'app.api.routes' (E:\2024 RESET\dvoid\whitelabel-rag\app\api\routes.py)

whitelabel-rag\tests\test_api_endpoints.py:40: ImportError</error></testcase><testcase classname="whitelabel-rag.tests.test_api_endpoints" name="test_upload_and_ingest_document" time="0.033"><error message="failed on setup with &quot;ImportError: cannot import name 'api_bp' from 'app.api.routes' (E:\2024 RESET\dvoid\whitelabel-rag\app\api\routes.py)&quot;">@pytest.fixture
    def client():
        """Create a test client for the application."""
&gt;       from app.api.routes import api_bp
E       ImportError: cannot import name 'api_bp' from 'app.api.routes' (E:\2024 RESET\dvoid\whitelabel-rag\app\api\routes.py)

whitelabel-rag\tests\test_api_endpoints.py:40: ImportError</error></testcase><testcase classname="whitelabel-rag.tests.test_api_endpoints" name="test_docker_entrypoint_exists" time="0.018"><failure message="AssertionError: docker-entrypoint.sh does not start with shebang (starts with: )&#10;assert False&#10; +  where False = &lt;built-in method startswith of str object at 0x00007FFDCA505D00&gt;('#!/')&#10; +    where &lt;built-in method startswith of str object at 0x00007FFDCA505D00&gt; = ''.startswith">def test_docker_entrypoint_exists():
        """Test that the Docker entrypoint script exists and has correct permissions."""
        # Get the project root directory
        project_root = os.path.dirname(os.path.dirname(__file__))
    
        # Use the correct path to docker-entrypoint.sh
        # First try the standard path at project root
        entrypoint_path = os.path.join(project_root, 'docker-entrypoint.sh')
    
        # If not found, try the alternative path
        if not os.path.exists(entrypoint_path):
            # Try path from working directory
            alt_path = os.path.join(os.getcwd(), 'whitelabel-rag', 'docker-entrypoint.sh')
            if os.path.exists(alt_path):
                entrypoint_path = alt_path
    
        # Check if the file exists
        assert os.path.exists(entrypoint_path), "docker-entrypoint.sh does not exist at expected locations"
    
        # Log the found path for debugging
        print(f"Found docker-entrypoint.sh at: {entrypoint_path}")
    
        # Check if the file is executable
        assert os.access(entrypoint_path, os.X_OK), "docker-entrypoint.sh is not executable"
    
        # Check for Windows-style line endings which can cause issues in Linux
        with open(entrypoint_path, 'rb') as f:
            content = f.read()
            assert b'\r\n' not in content, "docker-entrypoint.sh contains Windows line endings"
    
        # Verify the file starts with a shebang
        with open(entrypoint_path, 'r') as f:
            first_line = f.readline().strip()
&gt;           assert first_line.startswith('#!/'), f"docker-entrypoint.sh does not start with shebang (starts with: {first_line})"
E           AssertionError: docker-entrypoint.sh does not start with shebang (starts with: )
E           assert False
E            +  where False = &lt;built-in method startswith of str object at 0x00007FFDCA505D00&gt;('#!/')
E            +    where &lt;built-in method startswith of str object at 0x00007FFDCA505D00&gt; = ''.startswith

whitelabel-rag\tests\test_api_endpoints.py:248: AssertionError</failure></testcase><testcase classname="whitelabel-rag.tests.test_api_endpoints" name="test_docker_build_validation" time="0.012"><skipped type="pytest.skip" message="Skipping Docker build test in non-CI environment">E:\2024 RESET\dvoid\whitelabel-rag\tests\test_api_endpoints.py:254: Skipping Docker build test in non-CI environment</skipped></testcase><testcase classname="whitelabel-rag.tests.test_api_endpoints" name="test_browser_accessibility" time="0.020"><skipped type="pytest.skip" message="Skipping browser accessibility test in non-debug mode">E:\2024 RESET\dvoid\whitelabel-rag\tests\test_api_endpoints.py:282: Skipping browser accessibility test in non-debug mode</skipped></testcase><testcase classname="whitelabel-rag.tests.test_api_endpoints" name="test_docker_startup_file_routes" time="0.050"><failure message="UnicodeEncodeError: 'charmap' codec can't encode character '\U0001f6a8' in position 99: character maps to &lt;undefined&gt;">def test_docker_startup_file_routes():
        """Verify all file routes used during Docker container startup process."""
        # Get the project root directory
        project_root = os.path.dirname(os.path.dirname(__file__))
    
        # 1. Check Dockerfile paths and fix entrypoint issues
        dockerfile_path = os.path.join(project_root, 'Dockerfile')
        assert os.path.exists(dockerfile_path), "Dockerfile not found"
    
        # Read and analyze Dockerfile
        with open(dockerfile_path, 'r') as f:
            dockerfile_content = f.read()
    
        # URGENT DOCKER ENTRYPOINT FIX: Create inline script in Dockerfile
        print("#x1F6A8 URGENT FIX: Creating inline entrypoint script in Dockerfile to resolve missing file error")
    
        # Create a simpler but more robust emergency script
        emergency_script = """#!/bin/bash
    # Emergency entrypoint script to fix 'no such file or directory' error
    set -e
    echo "#x1F6A8 WhiteLabelRAG Emergency Entrypoint Script"
    echo "#x1F4CB Running at: $(date)"
    echo "#x1F4C1 Current directory: $(pwd)"
    
    # Create required directories
    mkdir -p /app/uploads /app/chromadb_data /app/logs
    chmod 755 /app/uploads /app/chromadb_data /app/logs
    
    # Start Flask application
    export FLASK_APP=run.py
    export FLASK_RUN_HOST=0.0.0.0
    export FLASK_ENV=production
    echo "#x1F680 Starting Flask application on 0.0.0.0:5000..."
    exec python -m flask run --host=0.0.0.0 --port=5000
    """
    
        # Write emergency script to disk
        with open(os.path.join(project_root, 'docker-entrypoint.sh'), 'w') as f:
&gt;           f.write(emergency_script)

whitelabel-rag\tests\test_api_endpoints.py:386: 
_ _ _ _ _ _ _ _ _ _ _ _ _ _ _ _ _ _ _ _ _ _ _ _ _ _ _ _ _ _ _ _ _ _ _ _ _ _ _ _ _ _ _ _ _ _ _ _

self = &lt;encodings.cp1252.IncrementalEncoder object at 0x0000023EA3A5D880&gt;
input = '#!/bin/bash\r\n# Emergency entrypoint script to fix \'no such file or directory\' error\r\nset -e\r\necho "#x1F6A8 WhiteLab...n\r\necho "#x1F680 Starting Flask application on 0.0.0.0:5000..."\r\nexec python -m flask run --host=0.0.0.0 --port=5000\r\n'
final = False

    def encode(self, input, final=False):
&gt;       return codecs.charmap_encode(input,self.errors,encoding_table)[0]
E       UnicodeEncodeError: 'charmap' codec can't encode character '\U0001f6a8' in position 99: character maps to &lt;undefined&gt;

C:\Users\deois\AppData\Local\Programs\Python\Python312\Lib\encodings\cp1252.py:19: UnicodeEncodeError</failure></testcase><testcase classname="whitelabel-rag.tests.test_api_endpoints" name="test_docker_entrypoint_path_verification" time="0.335"><failure message="AssertionError: No COPY statement for docker-entrypoint.sh found in Dockerfile&#10;assert []">def test_docker_entrypoint_path_verification():
        """Verify Docker entrypoint file paths match what's specified in Dockerfile."""
        # Skip this test if Docker is not available
        try:
            subprocess.run(['docker', '--version'], check=True, capture_output=True)
        except (FileNotFoundError, subprocess.CalledProcessError):
            pytest.skip("Docker not available. Skipping Docker path verification test")
    
        # Get the project root directory
        project_root = os.path.dirname(os.path.dirname(__file__))
    
        # Path to Dockerfile
        dockerfile_path = os.path.join(project_root, 'Dockerfile')
        assert os.path.exists(dockerfile_path), "Dockerfile not found"
    
        # Read Dockerfile to extract entrypoint path
        with open(dockerfile_path, 'r') as f:
            dockerfile_content = f.read()
    
        # Check for COPY statements for entrypoint script
        copy_statements = []
        for line in dockerfile_content.splitlines():
            if line.strip().startswith('COPY') and 'docker-entrypoint.sh' in line:
                copy_statements.append(line.strip())
    
&gt;       assert copy_statements, "No COPY statement for docker-entrypoint.sh found in Dockerfile"
E       AssertionError: No COPY statement for docker-entrypoint.sh found in Dockerfile
E       assert []

whitelabel-rag\tests\test_api_endpoints.py:531: AssertionError</failure></testcase><testcase classname="whitelabel-rag.tests.test_api_execute" name="test_execute" time="0.071"><failure message="assert 500 in (200, 400)&#10; +  where 500 = &lt;Response [500 Internal Server Error]&gt;.status_code">def test_execute():
        app = create_app()
        client = TestClient(app)
    
        # Minimal valid payload
        response = client.post('/api/execute', json={'step': 'Extract keywords.'})
&gt;       assert response.status_code in (200, 400)  # Accept 400 if not implemented
E       assert 500 in (200, 400)
E        +  where 500 = &lt;Response [500 Internal Server Error]&gt;.status_code

whitelabel-rag\tests\test_api_execute.py:11: AssertionError</failure></testcase><testcase classname="whitelabel-rag.tests.test_api_file_upload" name="test_file_upload" time="0.096"><failure message="TypeError: TestClient.post() got an unexpected keyword argument 'content_type'">tmp_path = WindowsPath('C:/Users/deois/AppData/Local/Temp/pytest-of-deois/pytest-30/test_file_upload1')

    def test_file_upload(tmp_path):
        app = create_app()
        client = TestClient(app)
    
        data = {
            'file': (io.BytesIO(b"Hello world!"), 'test.txt')
        }
&gt;       response = client.post('/api/files', data=data, content_type='multipart/form-data')
E       TypeError: TestClient.post() got an unexpected keyword argument 'content_type'

whitelabel-rag\tests\test_api_file_upload.py:14: TypeError</failure></testcase><testcase classname="whitelabel-rag.tests.test_api_query" name="test_query_documents" time="0.085"><failure message="assert 500 == 200&#10; +  where 500 = &lt;Response [500 Internal Server Error]&gt;.status_code">def test_query_documents():
        app = create_app()
        client = TestClient(app)
    
        # Query with no documents should return empty results
        response = client.post('/api/query', json={'query': 'test'})
&gt;       assert response.status_code == 200
E       assert 500 == 200
E        +  where 500 = &lt;Response [500 Internal Server Error]&gt;.status_code

whitelabel-rag\tests\test_api_query.py:11: AssertionError</failure></testcase><testcase classname="whitelabel-rag.tests.test_api_routes" name="test_health_endpoint" time="0.035" /><testcase classname="whitelabel-rag.tests.test_api_validate" name="test_validate" time="0.072"><failure message="AttributeError: 'FastAPI' object has no attribute 'config'">def test_validate():
        app = create_app()
&gt;       app.config['TESTING'] = True
E       AttributeError: 'FastAPI' object has no attribute 'config'

whitelabel-rag\tests\test_api_validate.py:6: AttributeError</failure></testcase><testcase classname="whitelabel-rag.tests.test_concierge" name="test_handle_message_simple_query" time="0.014"><error message="failed on setup with &quot;file E:\2024 RESET\dvoid\whitelabel-rag\tests\test_concierge.py, line 13&#10;  def test_handle_message_simple_query(concierge):&#10;file E:\2024 RESET\dvoid\whitelabel-rag\tests\test_concierge.py, line 5&#10;  @pytest.fixture&#10;  def concierge(mock_rag_manager, mock_conversation_store, mock_llm_factory, mock_chroma_service):&#10;E       fixture 'mock_rag_manager' not found&#10;&gt;       available fixtures: _configure_application, _monkeypatch_response_class, _push_request_context, _session_event_loop, _session_faker, accept_any, accept_json, accept_jsonp, accept_mimetype, anyio_backend, anyio_backend_name, anyio_backend_options, app, cache, capfd, capfdbinary, caplog, capsys, capsysbinary, class_mocker, client, client_class, concierge, config, cov, doctest_namespace, event_loop, event_loop_policy, faker, free_tcp_port, free_tcp_port_factory, free_udp_port, free_udp_port_factory, httpserver, httpserver_ipv4, httpserver_ipv6, httpserver_listen_address, httpserver_ssl_context, live_server, make_httpserver, make_httpserver_ipv4, make_httpserver_ipv6, mock_chroma_service, mock_llm, mocker, module_mocker, monkeypatch, no_cover, package_mocker, pytestconfig, record_property, record_testsuite_property, record_xml_attribute, recwarn, session_mocker, set_test_env_vars, temp_pdf, test_environment, tmp_path, tmp_path_factory, tmpdir, tmpdir_factory, unused_tcp_port, unused_tcp_port_factory, unused_udp_port, unused_udp_port_factory, whitelabel-rag/Lib/site-packages/pip/_vendor/urllib3/packages/ssl_match_hostname::&lt;event_loop&gt;, whitelabel-rag/tests/test_concierge.py::&lt;event_loop&gt;&#10;&gt;       use 'pytest --fixtures [testpath]' for help on them.&#10;&#10;E:\2024 RESET\dvoid\whitelabel-rag\tests\test_concierge.py:5&quot;">file E:\2024 RESET\dvoid\whitelabel-rag\tests\test_concierge.py, line 13
  def test_handle_message_simple_query(concierge):
file E:\2024 RESET\dvoid\whitelabel-rag\tests\test_concierge.py, line 5
  @pytest.fixture
  def concierge(mock_rag_manager, mock_conversation_store, mock_llm_factory, mock_chroma_service):
E       fixture 'mock_rag_manager' not found
&gt;       available fixtures: _configure_application, _monkeypatch_response_class, _push_request_context, _session_event_loop, _session_faker, accept_any, accept_json, accept_jsonp, accept_mimetype, anyio_backend, anyio_backend_name, anyio_backend_options, app, cache, capfd, capfdbinary, caplog, capsys, capsysbinary, class_mocker, client, client_class, concierge, config, cov, doctest_namespace, event_loop, event_loop_policy, faker, free_tcp_port, free_tcp_port_factory, free_udp_port, free_udp_port_factory, httpserver, httpserver_ipv4, httpserver_ipv6, httpserver_listen_address, httpserver_ssl_context, live_server, make_httpserver, make_httpserver_ipv4, make_httpserver_ipv6, mock_chroma_service, mock_llm, mocker, module_mocker, monkeypatch, no_cover, package_mocker, pytestconfig, record_property, record_testsuite_property, record_xml_attribute, recwarn, session_mocker, set_test_env_vars, temp_pdf, test_environment, tmp_path, tmp_path_factory, tmpdir, tmpdir_factory, unused_tcp_port, unused_tcp_port_factory, unused_udp_port, unused_udp_port_factory, whitelabel-rag/Lib/site-packages/pip/_vendor/urllib3/packages/ssl_match_hostname::&lt;event_loop&gt;, whitelabel-rag/tests/test_concierge.py::&lt;event_loop&gt;
&gt;       use 'pytest --fixtures [testpath]' for help on them.

E:\2024 RESET\dvoid\whitelabel-rag\tests\test_concierge.py:5</error></testcase><testcase classname="whitelabel-rag.tests.test_concierge" name="test_handle_message_document_search" time="0.006"><error message="failed on setup with &quot;file E:\2024 RESET\dvoid\whitelabel-rag\tests\test_concierge.py, line 18&#10;  def test_handle_message_document_search(concierge, mock_rag_manager, mock_llm_factory):&#10;file E:\2024 RESET\dvoid\whitelabel-rag\tests\test_concierge.py, line 5&#10;  @pytest.fixture&#10;  def concierge(mock_rag_manager, mock_conversation_store, mock_llm_factory, mock_chroma_service):&#10;E       fixture 'mock_rag_manager' not found&#10;&gt;       available fixtures: _configure_application, _monkeypatch_response_class, _push_request_context, _session_event_loop, _session_faker, accept_any, accept_json, accept_jsonp, accept_mimetype, anyio_backend, anyio_backend_name, anyio_backend_options, app, cache, capfd, capfdbinary, caplog, capsys, capsysbinary, class_mocker, client, client_class, concierge, config, cov, doctest_namespace, event_loop, event_loop_policy, faker, free_tcp_port, free_tcp_port_factory, free_udp_port, free_udp_port_factory, httpserver, httpserver_ipv4, httpserver_ipv6, httpserver_listen_address, httpserver_ssl_context, live_server, make_httpserver, make_httpserver_ipv4, make_httpserver_ipv6, mock_chroma_service, mock_llm, mocker, module_mocker, monkeypatch, no_cover, package_mocker, pytestconfig, record_property, record_testsuite_property, record_xml_attribute, recwarn, session_mocker, set_test_env_vars, temp_pdf, test_environment, tmp_path, tmp_path_factory, tmpdir, tmpdir_factory, unused_tcp_port, unused_tcp_port_factory, unused_udp_port, unused_udp_port_factory, whitelabel-rag/Lib/site-packages/pip/_vendor/urllib3/packages/ssl_match_hostname::&lt;event_loop&gt;, whitelabel-rag/tests/test_concierge.py::&lt;event_loop&gt;&#10;&gt;       use 'pytest --fixtures [testpath]' for help on them.&#10;&#10;E:\2024 RESET\dvoid\whitelabel-rag\tests\test_concierge.py:5&quot;">file E:\2024 RESET\dvoid\whitelabel-rag\tests\test_concierge.py, line 18
  def test_handle_message_document_search(concierge, mock_rag_manager, mock_llm_factory):
file E:\2024 RESET\dvoid\whitelabel-rag\tests\test_concierge.py, line 5
  @pytest.fixture
  def concierge(mock_rag_manager, mock_conversation_store, mock_llm_factory, mock_chroma_service):
E       fixture 'mock_rag_manager' not found
&gt;       available fixtures: _configure_application, _monkeypatch_response_class, _push_request_context, _session_event_loop, _session_faker, accept_any, accept_json, accept_jsonp, accept_mimetype, anyio_backend, anyio_backend_name, anyio_backend_options, app, cache, capfd, capfdbinary, caplog, capsys, capsysbinary, class_mocker, client, client_class, concierge, config, cov, doctest_namespace, event_loop, event_loop_policy, faker, free_tcp_port, free_tcp_port_factory, free_udp_port, free_udp_port_factory, httpserver, httpserver_ipv4, httpserver_ipv6, httpserver_listen_address, httpserver_ssl_context, live_server, make_httpserver, make_httpserver_ipv4, make_httpserver_ipv6, mock_chroma_service, mock_llm, mocker, module_mocker, monkeypatch, no_cover, package_mocker, pytestconfig, record_property, record_testsuite_property, record_xml_attribute, recwarn, session_mocker, set_test_env_vars, temp_pdf, test_environment, tmp_path, tmp_path_factory, tmpdir, tmpdir_factory, unused_tcp_port, unused_tcp_port_factory, unused_udp_port, unused_udp_port_factory, whitelabel-rag/Lib/site-packages/pip/_vendor/urllib3/packages/ssl_match_hostname::&lt;event_loop&gt;, whitelabel-rag/tests/test_concierge.py::&lt;event_loop&gt;
&gt;       use 'pytest --fixtures [testpath]' for help on them.

E:\2024 RESET\dvoid\whitelabel-rag\tests\test_concierge.py:5</error></testcase><testcase classname="whitelabel-rag.tests.test_concierge" name="test_handle_message_task_request" time="0.007"><error message="failed on setup with &quot;file E:\2024 RESET\dvoid\whitelabel-rag\tests\test_concierge.py, line 26&#10;  def test_handle_message_task_request(concierge, mock_llm_factory):&#10;file E:\2024 RESET\dvoid\whitelabel-rag\tests\test_concierge.py, line 5&#10;  @pytest.fixture&#10;  def concierge(mock_rag_manager, mock_conversation_store, mock_llm_factory, mock_chroma_service):&#10;E       fixture 'mock_rag_manager' not found&#10;&gt;       available fixtures: _configure_application, _monkeypatch_response_class, _push_request_context, _session_event_loop, _session_faker, accept_any, accept_json, accept_jsonp, accept_mimetype, anyio_backend, anyio_backend_name, anyio_backend_options, app, cache, capfd, capfdbinary, caplog, capsys, capsysbinary, class_mocker, client, client_class, concierge, config, cov, doctest_namespace, event_loop, event_loop_policy, faker, free_tcp_port, free_tcp_port_factory, free_udp_port, free_udp_port_factory, httpserver, httpserver_ipv4, httpserver_ipv6, httpserver_listen_address, httpserver_ssl_context, live_server, make_httpserver, make_httpserver_ipv4, make_httpserver_ipv6, mock_chroma_service, mock_llm, mocker, module_mocker, monkeypatch, no_cover, package_mocker, pytestconfig, record_property, record_testsuite_property, record_xml_attribute, recwarn, session_mocker, set_test_env_vars, temp_pdf, test_environment, tmp_path, tmp_path_factory, tmpdir, tmpdir_factory, unused_tcp_port, unused_tcp_port_factory, unused_udp_port, unused_udp_port_factory, whitelabel-rag/Lib/site-packages/pip/_vendor/urllib3/packages/ssl_match_hostname::&lt;event_loop&gt;, whitelabel-rag/tests/test_concierge.py::&lt;event_loop&gt;&#10;&gt;       use 'pytest --fixtures [testpath]' for help on them.&#10;&#10;E:\2024 RESET\dvoid\whitelabel-rag\tests\test_concierge.py:5&quot;">file E:\2024 RESET\dvoid\whitelabel-rag\tests\test_concierge.py, line 26
  def test_handle_message_task_request(concierge, mock_llm_factory):
file E:\2024 RESET\dvoid\whitelabel-rag\tests\test_concierge.py, line 5
  @pytest.fixture
  def concierge(mock_rag_manager, mock_conversation_store, mock_llm_factory, mock_chroma_service):
E       fixture 'mock_rag_manager' not found
&gt;       available fixtures: _configure_application, _monkeypatch_response_class, _push_request_context, _session_event_loop, _session_faker, accept_any, accept_json, accept_jsonp, accept_mimetype, anyio_backend, anyio_backend_name, anyio_backend_options, app, cache, capfd, capfdbinary, caplog, capsys, capsysbinary, class_mocker, client, client_class, concierge, config, cov, doctest_namespace, event_loop, event_loop_policy, faker, free_tcp_port, free_tcp_port_factory, free_udp_port, free_udp_port_factory, httpserver, httpserver_ipv4, httpserver_ipv6, httpserver_listen_address, httpserver_ssl_context, live_server, make_httpserver, make_httpserver_ipv4, make_httpserver_ipv6, mock_chroma_service, mock_llm, mocker, module_mocker, monkeypatch, no_cover, package_mocker, pytestconfig, record_property, record_testsuite_property, record_xml_attribute, recwarn, session_mocker, set_test_env_vars, temp_pdf, test_environment, tmp_path, tmp_path_factory, tmpdir, tmpdir_factory, unused_tcp_port, unused_tcp_port_factory, unused_udp_port, unused_udp_port_factory, whitelabel-rag/Lib/site-packages/pip/_vendor/urllib3/packages/ssl_match_hostname::&lt;event_loop&gt;, whitelabel-rag/tests/test_concierge.py::&lt;event_loop&gt;
&gt;       use 'pytest --fixtures [testpath]' for help on them.

E:\2024 RESET\dvoid\whitelabel-rag\tests\test_concierge.py:5</error></testcase><testcase classname="whitelabel-rag.tests.test_concierge" name="test_handle_message_meta_query" time="0.008"><error message="failed on setup with &quot;file E:\2024 RESET\dvoid\whitelabel-rag\tests\test_concierge.py, line 33&#10;  def test_handle_message_meta_query(concierge, mock_llm_factory):&#10;file E:\2024 RESET\dvoid\whitelabel-rag\tests\test_concierge.py, line 5&#10;  @pytest.fixture&#10;  def concierge(mock_rag_manager, mock_conversation_store, mock_llm_factory, mock_chroma_service):&#10;E       fixture 'mock_rag_manager' not found&#10;&gt;       available fixtures: _configure_application, _monkeypatch_response_class, _push_request_context, _session_event_loop, _session_faker, accept_any, accept_json, accept_jsonp, accept_mimetype, anyio_backend, anyio_backend_name, anyio_backend_options, app, cache, capfd, capfdbinary, caplog, capsys, capsysbinary, class_mocker, client, client_class, concierge, config, cov, doctest_namespace, event_loop, event_loop_policy, faker, free_tcp_port, free_tcp_port_factory, free_udp_port, free_udp_port_factory, httpserver, httpserver_ipv4, httpserver_ipv6, httpserver_listen_address, httpserver_ssl_context, live_server, make_httpserver, make_httpserver_ipv4, make_httpserver_ipv6, mock_chroma_service, mock_llm, mocker, module_mocker, monkeypatch, no_cover, package_mocker, pytestconfig, record_property, record_testsuite_property, record_xml_attribute, recwarn, session_mocker, set_test_env_vars, temp_pdf, test_environment, tmp_path, tmp_path_factory, tmpdir, tmpdir_factory, unused_tcp_port, unused_tcp_port_factory, unused_udp_port, unused_udp_port_factory, whitelabel-rag/Lib/site-packages/pip/_vendor/urllib3/packages/ssl_match_hostname::&lt;event_loop&gt;, whitelabel-rag/tests/test_concierge.py::&lt;event_loop&gt;&#10;&gt;       use 'pytest --fixtures [testpath]' for help on them.&#10;&#10;E:\2024 RESET\dvoid\whitelabel-rag\tests\test_concierge.py:5&quot;">file E:\2024 RESET\dvoid\whitelabel-rag\tests\test_concierge.py, line 33
  def test_handle_message_meta_query(concierge, mock_llm_factory):
file E:\2024 RESET\dvoid\whitelabel-rag\tests\test_concierge.py, line 5
  @pytest.fixture
  def concierge(mock_rag_manager, mock_conversation_store, mock_llm_factory, mock_chroma_service):
E       fixture 'mock_rag_manager' not found
&gt;       available fixtures: _configure_application, _monkeypatch_response_class, _push_request_context, _session_event_loop, _session_faker, accept_any, accept_json, accept_jsonp, accept_mimetype, anyio_backend, anyio_backend_name, anyio_backend_options, app, cache, capfd, capfdbinary, caplog, capsys, capsysbinary, class_mocker, client, client_class, concierge, config, cov, doctest_namespace, event_loop, event_loop_policy, faker, free_tcp_port, free_tcp_port_factory, free_udp_port, free_udp_port_factory, httpserver, httpserver_ipv4, httpserver_ipv6, httpserver_listen_address, httpserver_ssl_context, live_server, make_httpserver, make_httpserver_ipv4, make_httpserver_ipv6, mock_chroma_service, mock_llm, mocker, module_mocker, monkeypatch, no_cover, package_mocker, pytestconfig, record_property, record_testsuite_property, record_xml_attribute, recwarn, session_mocker, set_test_env_vars, temp_pdf, test_environment, tmp_path, tmp_path_factory, tmpdir, tmpdir_factory, unused_tcp_port, unused_tcp_port_factory, unused_udp_port, unused_udp_port_factory, whitelabel-rag/Lib/site-packages/pip/_vendor/urllib3/packages/ssl_match_hostname::&lt;event_loop&gt;, whitelabel-rag/tests/test_concierge.py::&lt;event_loop&gt;
&gt;       use 'pytest --fixtures [testpath]' for help on them.

E:\2024 RESET\dvoid\whitelabel-rag\tests\test_concierge.py:5</error></testcase><testcase classname="whitelabel-rag.tests.test_concierge" name="test_handle_message_direct_response" time="0.007"><error message="failed on setup with &quot;file E:\2024 RESET\dvoid\whitelabel-rag\tests\test_concierge.py, line 41&#10;  def test_handle_message_direct_response(concierge, mock_llm_factory, mock_rag_manager):&#10;file E:\2024 RESET\dvoid\whitelabel-rag\tests\test_concierge.py, line 5&#10;  @pytest.fixture&#10;  def concierge(mock_rag_manager, mock_conversation_store, mock_llm_factory, mock_chroma_service):&#10;E       fixture 'mock_rag_manager' not found&#10;&gt;       available fixtures: _configure_application, _monkeypatch_response_class, _push_request_context, _session_event_loop, _session_faker, accept_any, accept_json, accept_jsonp, accept_mimetype, anyio_backend, anyio_backend_name, anyio_backend_options, app, cache, capfd, capfdbinary, caplog, capsys, capsysbinary, class_mocker, client, client_class, concierge, config, cov, doctest_namespace, event_loop, event_loop_policy, faker, free_tcp_port, free_tcp_port_factory, free_udp_port, free_udp_port_factory, httpserver, httpserver_ipv4, httpserver_ipv6, httpserver_listen_address, httpserver_ssl_context, live_server, make_httpserver, make_httpserver_ipv4, make_httpserver_ipv6, mock_chroma_service, mock_llm, mocker, module_mocker, monkeypatch, no_cover, package_mocker, pytestconfig, record_property, record_testsuite_property, record_xml_attribute, recwarn, session_mocker, set_test_env_vars, temp_pdf, test_environment, tmp_path, tmp_path_factory, tmpdir, tmpdir_factory, unused_tcp_port, unused_tcp_port_factory, unused_udp_port, unused_udp_port_factory, whitelabel-rag/Lib/site-packages/pip/_vendor/urllib3/packages/ssl_match_hostname::&lt;event_loop&gt;, whitelabel-rag/tests/test_concierge.py::&lt;event_loop&gt;&#10;&gt;       use 'pytest --fixtures [testpath]' for help on them.&#10;&#10;E:\2024 RESET\dvoid\whitelabel-rag\tests\test_concierge.py:5&quot;">file E:\2024 RESET\dvoid\whitelabel-rag\tests\test_concierge.py, line 41
  def test_handle_message_direct_response(concierge, mock_llm_factory, mock_rag_manager):
file E:\2024 RESET\dvoid\whitelabel-rag\tests\test_concierge.py, line 5
  @pytest.fixture
  def concierge(mock_rag_manager, mock_conversation_store, mock_llm_factory, mock_chroma_service):
E       fixture 'mock_rag_manager' not found
&gt;       available fixtures: _configure_application, _monkeypatch_response_class, _push_request_context, _session_event_loop, _session_faker, accept_any, accept_json, accept_jsonp, accept_mimetype, anyio_backend, anyio_backend_name, anyio_backend_options, app, cache, capfd, capfdbinary, caplog, capsys, capsysbinary, class_mocker, client, client_class, concierge, config, cov, doctest_namespace, event_loop, event_loop_policy, faker, free_tcp_port, free_tcp_port_factory, free_udp_port, free_udp_port_factory, httpserver, httpserver_ipv4, httpserver_ipv6, httpserver_listen_address, httpserver_ssl_context, live_server, make_httpserver, make_httpserver_ipv4, make_httpserver_ipv6, mock_chroma_service, mock_llm, mocker, module_mocker, monkeypatch, no_cover, package_mocker, pytestconfig, record_property, record_testsuite_property, record_xml_attribute, recwarn, session_mocker, set_test_env_vars, temp_pdf, test_environment, tmp_path, tmp_path_factory, tmpdir, tmpdir_factory, unused_tcp_port, unused_tcp_port_factory, unused_udp_port, unused_udp_port_factory, whitelabel-rag/Lib/site-packages/pip/_vendor/urllib3/packages/ssl_match_hostname::&lt;event_loop&gt;, whitelabel-rag/tests/test_concierge.py::&lt;event_loop&gt;
&gt;       use 'pytest --fixtures [testpath]' for help on them.

E:\2024 RESET\dvoid\whitelabel-rag\tests\test_concierge.py:5</error></testcase><testcase classname="whitelabel-rag.tests.test_concierge" name="test_intent_classification" time="0.006"><error message="failed on setup with &quot;file E:\2024 RESET\dvoid\whitelabel-rag\tests\test_concierge.py, line 49&#10;  def test_intent_classification(concierge, mock_llm_factory):&#10;file E:\2024 RESET\dvoid\whitelabel-rag\tests\test_concierge.py, line 5&#10;  @pytest.fixture&#10;  def concierge(mock_rag_manager, mock_conversation_store, mock_llm_factory, mock_chroma_service):&#10;E       fixture 'mock_rag_manager' not found&#10;&gt;       available fixtures: _configure_application, _monkeypatch_response_class, _push_request_context, _session_event_loop, _session_faker, accept_any, accept_json, accept_jsonp, accept_mimetype, anyio_backend, anyio_backend_name, anyio_backend_options, app, cache, capfd, capfdbinary, caplog, capsys, capsysbinary, class_mocker, client, client_class, concierge, config, cov, doctest_namespace, event_loop, event_loop_policy, faker, free_tcp_port, free_tcp_port_factory, free_udp_port, free_udp_port_factory, httpserver, httpserver_ipv4, httpserver_ipv6, httpserver_listen_address, httpserver_ssl_context, live_server, make_httpserver, make_httpserver_ipv4, make_httpserver_ipv6, mock_chroma_service, mock_llm, mocker, module_mocker, monkeypatch, no_cover, package_mocker, pytestconfig, record_property, record_testsuite_property, record_xml_attribute, recwarn, session_mocker, set_test_env_vars, temp_pdf, test_environment, tmp_path, tmp_path_factory, tmpdir, tmpdir_factory, unused_tcp_port, unused_tcp_port_factory, unused_udp_port, unused_udp_port_factory, whitelabel-rag/Lib/site-packages/pip/_vendor/urllib3/packages/ssl_match_hostname::&lt;event_loop&gt;, whitelabel-rag/tests/test_concierge.py::&lt;event_loop&gt;&#10;&gt;       use 'pytest --fixtures [testpath]' for help on them.&#10;&#10;E:\2024 RESET\dvoid\whitelabel-rag\tests\test_concierge.py:5&quot;">file E:\2024 RESET\dvoid\whitelabel-rag\tests\test_concierge.py, line 49
  def test_intent_classification(concierge, mock_llm_factory):
file E:\2024 RESET\dvoid\whitelabel-rag\tests\test_concierge.py, line 5
  @pytest.fixture
  def concierge(mock_rag_manager, mock_conversation_store, mock_llm_factory, mock_chroma_service):
E       fixture 'mock_rag_manager' not found
&gt;       available fixtures: _configure_application, _monkeypatch_response_class, _push_request_context, _session_event_loop, _session_faker, accept_any, accept_json, accept_jsonp, accept_mimetype, anyio_backend, anyio_backend_name, anyio_backend_options, app, cache, capfd, capfdbinary, caplog, capsys, capsysbinary, class_mocker, client, client_class, concierge, config, cov, doctest_namespace, event_loop, event_loop_policy, faker, free_tcp_port, free_tcp_port_factory, free_udp_port, free_udp_port_factory, httpserver, httpserver_ipv4, httpserver_ipv6, httpserver_listen_address, httpserver_ssl_context, live_server, make_httpserver, make_httpserver_ipv4, make_httpserver_ipv6, mock_chroma_service, mock_llm, mocker, module_mocker, monkeypatch, no_cover, package_mocker, pytestconfig, record_property, record_testsuite_property, record_xml_attribute, recwarn, session_mocker, set_test_env_vars, temp_pdf, test_environment, tmp_path, tmp_path_factory, tmpdir, tmpdir_factory, unused_tcp_port, unused_tcp_port_factory, unused_udp_port, unused_udp_port_factory, whitelabel-rag/Lib/site-packages/pip/_vendor/urllib3/packages/ssl_match_hostname::&lt;event_loop&gt;, whitelabel-rag/tests/test_concierge.py::&lt;event_loop&gt;
&gt;       use 'pytest --fixtures [testpath]' for help on them.

E:\2024 RESET\dvoid\whitelabel-rag\tests\test_concierge.py:5</error></testcase><testcase classname="whitelabel-rag.tests.test_concierge" name="test_direct_functions" time="0.015"><error message="failed on setup with &quot;file E:\2024 RESET\dvoid\whitelabel-rag\tests\test_concierge.py, line 54&#10;  def test_direct_functions(concierge):&#10;file E:\2024 RESET\dvoid\whitelabel-rag\tests\test_concierge.py, line 5&#10;  @pytest.fixture&#10;  def concierge(mock_rag_manager, mock_conversation_store, mock_llm_factory, mock_chroma_service):&#10;E       fixture 'mock_rag_manager' not found&#10;&gt;       available fixtures: _configure_application, _monkeypatch_response_class, _push_request_context, _session_event_loop, _session_faker, accept_any, accept_json, accept_jsonp, accept_mimetype, anyio_backend, anyio_backend_name, anyio_backend_options, app, cache, capfd, capfdbinary, caplog, capsys, capsysbinary, class_mocker, client, client_class, concierge, config, cov, doctest_namespace, event_loop, event_loop_policy, faker, free_tcp_port, free_tcp_port_factory, free_udp_port, free_udp_port_factory, httpserver, httpserver_ipv4, httpserver_ipv6, httpserver_listen_address, httpserver_ssl_context, live_server, make_httpserver, make_httpserver_ipv4, make_httpserver_ipv6, mock_chroma_service, mock_llm, mocker, module_mocker, monkeypatch, no_cover, package_mocker, pytestconfig, record_property, record_testsuite_property, record_xml_attribute, recwarn, session_mocker, set_test_env_vars, temp_pdf, test_environment, tmp_path, tmp_path_factory, tmpdir, tmpdir_factory, unused_tcp_port, unused_tcp_port_factory, unused_udp_port, unused_udp_port_factory, whitelabel-rag/Lib/site-packages/pip/_vendor/urllib3/packages/ssl_match_hostname::&lt;event_loop&gt;, whitelabel-rag/tests/test_concierge.py::&lt;event_loop&gt;&#10;&gt;       use 'pytest --fixtures [testpath]' for help on them.&#10;&#10;E:\2024 RESET\dvoid\whitelabel-rag\tests\test_concierge.py:5&quot;">file E:\2024 RESET\dvoid\whitelabel-rag\tests\test_concierge.py, line 54
  def test_direct_functions(concierge):
file E:\2024 RESET\dvoid\whitelabel-rag\tests\test_concierge.py, line 5
  @pytest.fixture
  def concierge(mock_rag_manager, mock_conversation_store, mock_llm_factory, mock_chroma_service):
E       fixture 'mock_rag_manager' not found
&gt;       available fixtures: _configure_application, _monkeypatch_response_class, _push_request_context, _session_event_loop, _session_faker, accept_any, accept_json, accept_jsonp, accept_mimetype, anyio_backend, anyio_backend_name, anyio_backend_options, app, cache, capfd, capfdbinary, caplog, capsys, capsysbinary, class_mocker, client, client_class, concierge, config, cov, doctest_namespace, event_loop, event_loop_policy, faker, free_tcp_port, free_tcp_port_factory, free_udp_port, free_udp_port_factory, httpserver, httpserver_ipv4, httpserver_ipv6, httpserver_listen_address, httpserver_ssl_context, live_server, make_httpserver, make_httpserver_ipv4, make_httpserver_ipv6, mock_chroma_service, mock_llm, mocker, module_mocker, monkeypatch, no_cover, package_mocker, pytestconfig, record_property, record_testsuite_property, record_xml_attribute, recwarn, session_mocker, set_test_env_vars, temp_pdf, test_environment, tmp_path, tmp_path_factory, tmpdir, tmpdir_factory, unused_tcp_port, unused_tcp_port_factory, unused_udp_port, unused_udp_port_factory, whitelabel-rag/Lib/site-packages/pip/_vendor/urllib3/packages/ssl_match_hostname::&lt;event_loop&gt;, whitelabel-rag/tests/test_concierge.py::&lt;event_loop&gt;
&gt;       use 'pytest --fixtures [testpath]' for help on them.

E:\2024 RESET\dvoid\whitelabel-rag\tests\test_concierge.py:5</error></testcase><testcase classname="whitelabel-rag.tests.test_concierge" name="test_get_current_time" time="0.011"><error message="failed on setup with &quot;file E:\2024 RESET\dvoid\whitelabel-rag\tests\test_concierge.py, line 60&#10;  def test_get_current_time(concierge):&#10;file E:\2024 RESET\dvoid\whitelabel-rag\tests\test_concierge.py, line 5&#10;  @pytest.fixture&#10;  def concierge(mock_rag_manager, mock_conversation_store, mock_llm_factory, mock_chroma_service):&#10;E       fixture 'mock_rag_manager' not found&#10;&gt;       available fixtures: _configure_application, _monkeypatch_response_class, _push_request_context, _session_event_loop, _session_faker, accept_any, accept_json, accept_jsonp, accept_mimetype, anyio_backend, anyio_backend_name, anyio_backend_options, app, cache, capfd, capfdbinary, caplog, capsys, capsysbinary, class_mocker, client, client_class, concierge, config, cov, doctest_namespace, event_loop, event_loop_policy, faker, free_tcp_port, free_tcp_port_factory, free_udp_port, free_udp_port_factory, httpserver, httpserver_ipv4, httpserver_ipv6, httpserver_listen_address, httpserver_ssl_context, live_server, make_httpserver, make_httpserver_ipv4, make_httpserver_ipv6, mock_chroma_service, mock_llm, mocker, module_mocker, monkeypatch, no_cover, package_mocker, pytestconfig, record_property, record_testsuite_property, record_xml_attribute, recwarn, session_mocker, set_test_env_vars, temp_pdf, test_environment, tmp_path, tmp_path_factory, tmpdir, tmpdir_factory, unused_tcp_port, unused_tcp_port_factory, unused_udp_port, unused_udp_port_factory, whitelabel-rag/Lib/site-packages/pip/_vendor/urllib3/packages/ssl_match_hostname::&lt;event_loop&gt;, whitelabel-rag/tests/test_concierge.py::&lt;event_loop&gt;&#10;&gt;       use 'pytest --fixtures [testpath]' for help on them.&#10;&#10;E:\2024 RESET\dvoid\whitelabel-rag\tests\test_concierge.py:5&quot;">file E:\2024 RESET\dvoid\whitelabel-rag\tests\test_concierge.py, line 60
  def test_get_current_time(concierge):
file E:\2024 RESET\dvoid\whitelabel-rag\tests\test_concierge.py, line 5
  @pytest.fixture
  def concierge(mock_rag_manager, mock_conversation_store, mock_llm_factory, mock_chroma_service):
E       fixture 'mock_rag_manager' not found
&gt;       available fixtures: _configure_application, _monkeypatch_response_class, _push_request_context, _session_event_loop, _session_faker, accept_any, accept_json, accept_jsonp, accept_mimetype, anyio_backend, anyio_backend_name, anyio_backend_options, app, cache, capfd, capfdbinary, caplog, capsys, capsysbinary, class_mocker, client, client_class, concierge, config, cov, doctest_namespace, event_loop, event_loop_policy, faker, free_tcp_port, free_tcp_port_factory, free_udp_port, free_udp_port_factory, httpserver, httpserver_ipv4, httpserver_ipv6, httpserver_listen_address, httpserver_ssl_context, live_server, make_httpserver, make_httpserver_ipv4, make_httpserver_ipv6, mock_chroma_service, mock_llm, mocker, module_mocker, monkeypatch, no_cover, package_mocker, pytestconfig, record_property, record_testsuite_property, record_xml_attribute, recwarn, session_mocker, set_test_env_vars, temp_pdf, test_environment, tmp_path, tmp_path_factory, tmpdir, tmpdir_factory, unused_tcp_port, unused_tcp_port_factory, unused_udp_port, unused_udp_port_factory, whitelabel-rag/Lib/site-packages/pip/_vendor/urllib3/packages/ssl_match_hostname::&lt;event_loop&gt;, whitelabel-rag/tests/test_concierge.py::&lt;event_loop&gt;
&gt;       use 'pytest --fixtures [testpath]' for help on them.

E:\2024 RESET\dvoid\whitelabel-rag\tests\test_concierge.py:5</error></testcase><testcase classname="whitelabel-rag.tests.test_concierge" name="test_get_system_stats" time="0.006"><error message="failed on setup with &quot;file E:\2024 RESET\dvoid\whitelabel-rag\tests\test_concierge.py, line 64&#10;  def test_get_system_stats(concierge, mock_rag_manager, mock_conversation_store):&#10;file E:\2024 RESET\dvoid\whitelabel-rag\tests\test_concierge.py, line 5&#10;  @pytest.fixture&#10;  def concierge(mock_rag_manager, mock_conversation_store, mock_llm_factory, mock_chroma_service):&#10;E       fixture 'mock_rag_manager' not found&#10;&gt;       available fixtures: _configure_application, _monkeypatch_response_class, _push_request_context, _session_event_loop, _session_faker, accept_any, accept_json, accept_jsonp, accept_mimetype, anyio_backend, anyio_backend_name, anyio_backend_options, app, cache, capfd, capfdbinary, caplog, capsys, capsysbinary, class_mocker, client, client_class, concierge, config, cov, doctest_namespace, event_loop, event_loop_policy, faker, free_tcp_port, free_tcp_port_factory, free_udp_port, free_udp_port_factory, httpserver, httpserver_ipv4, httpserver_ipv6, httpserver_listen_address, httpserver_ssl_context, live_server, make_httpserver, make_httpserver_ipv4, make_httpserver_ipv6, mock_chroma_service, mock_llm, mocker, module_mocker, monkeypatch, no_cover, package_mocker, pytestconfig, record_property, record_testsuite_property, record_xml_attribute, recwarn, session_mocker, set_test_env_vars, temp_pdf, test_environment, tmp_path, tmp_path_factory, tmpdir, tmpdir_factory, unused_tcp_port, unused_tcp_port_factory, unused_udp_port, unused_udp_port_factory, whitelabel-rag/Lib/site-packages/pip/_vendor/urllib3/packages/ssl_match_hostname::&lt;event_loop&gt;, whitelabel-rag/tests/test_concierge.py::&lt;event_loop&gt;&#10;&gt;       use 'pytest --fixtures [testpath]' for help on them.&#10;&#10;E:\2024 RESET\dvoid\whitelabel-rag\tests\test_concierge.py:5&quot;">file E:\2024 RESET\dvoid\whitelabel-rag\tests\test_concierge.py, line 64
  def test_get_system_stats(concierge, mock_rag_manager, mock_conversation_store):
file E:\2024 RESET\dvoid\whitelabel-rag\tests\test_concierge.py, line 5
  @pytest.fixture
  def concierge(mock_rag_manager, mock_conversation_store, mock_llm_factory, mock_chroma_service):
E       fixture 'mock_rag_manager' not found
&gt;       available fixtures: _configure_application, _monkeypatch_response_class, _push_request_context, _session_event_loop, _session_faker, accept_any, accept_json, accept_jsonp, accept_mimetype, anyio_backend, anyio_backend_name, anyio_backend_options, app, cache, capfd, capfdbinary, caplog, capsys, capsysbinary, class_mocker, client, client_class, concierge, config, cov, doctest_namespace, event_loop, event_loop_policy, faker, free_tcp_port, free_tcp_port_factory, free_udp_port, free_udp_port_factory, httpserver, httpserver_ipv4, httpserver_ipv6, httpserver_listen_address, httpserver_ssl_context, live_server, make_httpserver, make_httpserver_ipv4, make_httpserver_ipv6, mock_chroma_service, mock_llm, mocker, module_mocker, monkeypatch, no_cover, package_mocker, pytestconfig, record_property, record_testsuite_property, record_xml_attribute, recwarn, session_mocker, set_test_env_vars, temp_pdf, test_environment, tmp_path, tmp_path_factory, tmpdir, tmpdir_factory, unused_tcp_port, unused_tcp_port_factory, unused_udp_port, unused_udp_port_factory, whitelabel-rag/Lib/site-packages/pip/_vendor/urllib3/packages/ssl_match_hostname::&lt;event_loop&gt;, whitelabel-rag/tests/test_concierge.py::&lt;event_loop&gt;
&gt;       use 'pytest --fixtures [testpath]' for help on them.

[...]
    response = self._send_handling_auth(
C:\Users\deois\AppData\Local\Programs\Python\Python312\Lib\site-packages\httpx\_client.py:942: in _send_handling_auth
    response = self._send_handling_redirects(
C:\Users\deois\AppData\Local\Programs\Python\Python312\Lib\site-packages\httpx\_client.py:979: in _send_handling_redirects
    response = self._send_single_request(request)
C:\Users\deois\AppData\Local\Programs\Python\Python312\Lib\site-packages\httpx\_client.py:1014: in _send_single_request
    response = transport.handle_request(request)
C:\Users\deois\AppData\Local\Programs\Python\Python312\Lib\site-packages\httpx\_transports\default.py:249: in handle_request
    with map_httpcore_exceptions():
C:\Users\deois\AppData\Local\Programs\Python\Python312\Lib\contextlib.py:158: in __exit__
    self.gen.throw(value)
_ _ _ _ _ _ _ _ _ _ _ _ _ _ _ _ _ _ _ _ _ _ _ _ _ _ _ _ _ _ _ _ _ _ _ _ _ _ _ _ _ _ _ _ _ _ _ _

    @contextlib.contextmanager
    def map_httpcore_exceptions() -&gt; typing.Iterator[None]:
        global HTTPCORE_EXC_MAP
        if len(HTTPCORE_EXC_MAP) == 0:
            HTTPCORE_EXC_MAP = _load_httpcore_exceptions()
        try:
            yield
        except Exception as exc:
            mapped_exc = None
    
            for from_exc, to_exc in HTTPCORE_EXC_MAP.items():
                if not isinstance(exc, from_exc):
                    continue
                # We want to map to the most specific exception we can find.
                # Eg if `exc` is an `httpcore.ReadTimeout`, we want to map to
                # `httpx.ReadTimeout`, not just `httpx.TimeoutException`.
                if mapped_exc is None or issubclass(to_exc, mapped_exc):
                    mapped_exc = to_exc
    
            if mapped_exc is None:  # pragma: no cover
                raise
    
            message = str(exc)
&gt;           raise mapped_exc(message) from exc
E           httpx.ConnectError: [WinError 10061] No connection could be made because the target machine actively refused it

C:\Users\deois\AppData\Local\Programs\Python\Python312\Lib\site-packages\httpx\_transports\default.py:118: ConnectError

During handling of the above exception, another exception occurred:

self = &lt;test_config.TestConfig object at 0x0000023EA2F2E390&gt;

    @patch.dict(os.environ, {"CHROMA_DB_PATH": "test_chromadb_data"})
    def test_config_override(self):
        """Test that environment variables can override defaults"""
        from app.services.chroma_service import ChromaService
    
&gt;       service = ChromaService()

whitelabel-rag\tests\unit\test_config.py:26: 
_ _ _ _ _ _ _ _ _ _ _ _ _ _ _ _ _ _ _ _ _ _ _ _ _ _ _ _ _ _ _ _ _ _ _ _ _ _ _ _ _ _ _ _ _ _ _ _
whitelabel-rag\app\services\chroma_service.py:30: in __init__
    self._setup_chroma()
whitelabel-rag\app\services\chroma_service.py:56: in _setup_chroma
    self.client = chromadb.PersistentClient(path=chroma_path)
C:\Users\deois\AppData\Local\Programs\Python\Python312\Lib\site-packages\chromadb\__init__.py:162: in PersistentClient
    return ClientCreator(tenant=tenant, database=database, settings=settings)
C:\Users\deois\AppData\Local\Programs\Python\Python312\Lib\site-packages\chromadb\api\client.py:72: in __init__
    user_identity = self.get_user_identity()
_ _ _ _ _ _ _ _ _ _ _ _ _ _ _ _ _ _ _ _ _ _ _ _ _ _ _ _ _ _ _ _ _ _ _ _ _ _ _ _ _ _ _ _ _ _ _ _

self = &lt;chromadb.api.client.Client object at 0x0000023EA39561E0&gt;

    @override
    def get_user_identity(self) -&gt; UserIdentity:
        try:
            return self._server.get_user_identity()
        except httpx.ConnectError:
&gt;           raise ValueError(
                "Could not connect to a Chroma server. Are you sure it is running?"
            )
E           ValueError: Could not connect to a Chroma server. Are you sure it is running?

C:\Users\deois\AppData\Local\Programs\Python\Python312\Lib\site-packages\chromadb\api\client.py:110: ValueError</failure></testcase><testcase classname="whitelabel-rag.tests.unit.test_config.TestConfig" name="test_default_config" time="0.007"><failure message="OSError: [WinError 123] The filename, directory name, or volume label syntax is incorrect: ':memory:'">self = &lt;test_config.TestConfig object at 0x0000023EA2F2E690&gt;

    def test_default_config(self):
        """Test default configuration values"""
        from app.services.chroma_service import ChromaService
    
&gt;       service = ChromaService()

whitelabel-rag\tests\unit\test_config.py:33: 
_ _ _ _ _ _ _ _ _ _ _ _ _ _ _ _ _ _ _ _ _ _ _ _ _ _ _ _ _ _ _ _ _ _ _ _ _ _ _ _ _ _ _ _ _ _ _ _
whitelabel-rag\app\services\chroma_service.py:30: in __init__
    self._setup_chroma()
whitelabel-rag\app\services\chroma_service.py:47: in _setup_chroma
    os.makedirs(chroma_path, exist_ok=True)
_ _ _ _ _ _ _ _ _ _ _ _ _ _ _ _ _ _ _ _ _ _ _ _ _ _ _ _ _ _ _ _ _ _ _ _ _ _ _ _ _ _ _ _ _ _ _ _

name = ':memory:', mode = 511, exist_ok = True

&gt;   ???
E   OSError: [WinError 123] The filename, directory name, or volume label syntax is incorrect: ':memory:'

&lt;frozen os&gt;:225: OSError</failure></testcase><testcase classname="whitelabel-rag.tests.unit.test_document_processor.TestDocumentProcessor" name="test_placeholder" time="0.003" /><testcase classname="whitelabel-rag.tests.unit.test_llm_factory.TestLLMFactory" name="test_get_llm_creates_gemini_model" time="0.017"><failure message="AssertionError: Expected 'configure' to be called once. Called 0 times.">self = &lt;MagicMock name='genai.configure' id='2468056220688'&gt;, args = ()
kwargs = {'api_key': 'test-api-key'}
msg = "Expected 'configure' to be called once. Called 0 times."

    def assert_called_once_with(self, /, *args, **kwargs):
        """assert that the mock was called exactly once and that that call was
        with the specified arguments."""
        if not self.call_count == 1:
            msg = ("Expected '%s' to be called once. Called %s times.%s"
                   % (self._mock_name or 'mock',
                      self.call_count,
                      self._calls_repr()))
&gt;           raise AssertionError(msg)
E           AssertionError: Expected 'configure' to be called once. Called 0 times.

C:\Users\deois\AppData\Local\Programs\Python\Python312\Lib\unittest\mock.py:958: AssertionError

During handling of the above exception, another exception occurred:

self = &lt;test_llm_factory.TestLLMFactory object at 0x0000023EA2F2FB60&gt;

    @patch.dict(os.environ, {"GEMINI_API_KEY": "test-api-key"})
    def test_get_llm_creates_gemini_model(self):
        """Test that get_llm creates a GeminiModel when API key is set"""
        with patch("app.services.llm_factory.genai") as mock_genai:
            # Configure the mock
            mock_genai.configure.return_value = None
            mock_model = MagicMock()
            mock_genai.GenerativeModel.return_value = mock_model
    
            # Call the method under test
            llm = LLMFactory.get_llm()
    
            # Assert the Gemini model was configured and created
&gt;           mock_genai.configure.assert_called_once_with(api_key="test-api-key")
E           AssertionError: Expected 'configure' to be called once. Called 0 times.

whitelabel-rag\tests\unit\test_llm_factory.py:26: AssertionError</failure></testcase><testcase classname="whitelabel-rag.tests.unit.test_llm_factory.TestLLMFactory" name="test_get_llm_raises_error_without_api_key" time="0.014"><failure message="Failed: DID NOT RAISE &lt;class 'ValueError'&gt;">self = &lt;test_llm_factory.TestLLMFactory object at 0x0000023EA2F2FE30&gt;

    @patch.dict(os.environ, {}, clear=True)
    def test_get_llm_raises_error_without_api_key(self):
        """Test that get_llm raises an error when no API key is set"""
&gt;       with pytest.raises(ValueError) as excinfo:
E       Failed: DID NOT RAISE &lt;class 'ValueError'&gt;

whitelabel-rag\tests\unit\test_llm_factory.py:33: Failed</failure></testcase><testcase classname="whitelabel-rag.tests.unit.test_llm_factory.TestLLMFactory" name="test_get_llm_uses_custom_model" time="0.030"><failure message="AssertionError: Expected 'GenerativeModel' to be called once. Called 0 times.">self = &lt;MagicMock name='genai.GenerativeModel' id='2468056783264'&gt;, args = ('custom-model',)
kwargs = {'generation_config': approx({})}
msg = "Expected 'GenerativeModel' to be called once. Called 0 times."

    def assert_called_once_with(self, /, *args, **kwargs):
        """assert that the mock was called exactly once and that that call was
        with the specified arguments."""
        if not self.call_count == 1:
            msg = ("Expected '%s' to be called once. Called %s times.%s"
                   % (self._mock_name or 'mock',
                      self.call_count,
                      self._calls_repr()))
&gt;           raise AssertionError(msg)
E           AssertionError: Expected 'GenerativeModel' to be called once. Called 0 times.

C:\Users\deois\AppData\Local\Programs\Python\Python312\Lib\unittest\mock.py:958: AssertionError

During handling of the above exception, another exception occurred:

self = &lt;test_llm_factory.TestLLMFactory object at 0x0000023EA2F44170&gt;

    @patch.dict(os.environ, {"GEMINI_API_KEY": "test-api-key", "GEMINI_MODEL": "custom-model"})
    def test_get_llm_uses_custom_model(self):
        """Test that get_llm uses a custom model name when specified"""
        with patch("app.services.llm_factory.genai") as mock_genai:
            # Configure the mock
            mock_genai.configure.return_value = None
            mock_model = MagicMock()
            mock_genai.GenerativeModel.return_value = mock_model
    
            # Call the method under test
            LLMFactory.get_llm()
    
            # Assert the correct model name was used
&gt;           mock_genai.GenerativeModel.assert_called_once_with(
                "custom-model",
                generation_config=pytest.approx({})
            )
E           AssertionError: Expected 'GenerativeModel' to be called once. Called 0 times.

whitelabel-rag\tests\unit\test_llm_factory.py:51: AssertionError</failure></testcase><testcase classname="whitelabel-rag.tests.unit.test_llm_factory.TestLLMFactory" name="test_get_llm_uses_generation_config" time="0.021"><failure message="AssertionError: Expected 'GenerativeModel' to have been called once. Called 0 times.">self = &lt;MagicMock name='genai.GenerativeModel' id='2468059233024'&gt;

    def assert_called_once(self):
        """assert that the mock was called only once.
        """
        if not self.call_count == 1:
            msg = ("Expected '%s' to have been called once. Called %s times.%s"
                   % (self._mock_name or 'mock',
                      self.call_count,
                      self._calls_repr()))
&gt;           raise AssertionError(msg)
E           AssertionError: Expected 'GenerativeModel' to have been called once. Called 0 times.

C:\Users\deois\AppData\Local\Programs\Python\Python312\Lib\unittest\mock.py:926: AssertionError

During handling of the above exception, another exception occurred:

self = &lt;test_llm_factory.TestLLMFactory object at 0x0000023EA2F44470&gt;

    @patch.dict(os.environ, {
        "GEMINI_API_KEY": "test-api-key",
        "TEMPERATURE": "0.7",
        "TOP_P": "0.9",
        "TOP_K": "40",
        "MAX_OUTPUT_TOKENS": "1024"
    })
    def test_get_llm_uses_generation_config(self):
        """Test that get_llm uses generation config from environment variables"""
        with patch("app.services.llm_factory.genai") as mock_genai:
            # Configure the mock
            mock_genai.configure.return_value = None
            mock_model = MagicMock()
            mock_genai.GenerativeModel.return_value = mock_model
    
            # Call the method under test
            LLMFactory.get_llm()
    
            # Assert the correct generation config was used
&gt;           mock_genai.GenerativeModel.assert_called_once()
E           AssertionError: Expected 'GenerativeModel' to have been called once. Called 0 times.

whitelabel-rag\tests\unit\test_llm_factory.py:75: AssertionError</failure></testcase><testcase classname="whitelabel-rag.tests.unit.test_rag_manager.TestRAGManager" name="test_initialization" time="0.008" /><testcase classname="whitelabel-rag.tests.unit.test_rag_manager.TestRAGManager" name="test_get_singleton_instance" time="0.007"><failure message="NameError: name 'sys' is not defined. Did you forget to import 'sys'">self = &lt;test_rag_manager.TestRAGManager object at 0x0000023EA2F45190&gt;

    def test_get_singleton_instance(self):
        """Test that get_rag_manager returns a singleton instance"""
&gt;       manager1 = get_rag_manager()

whitelabel-rag\tests\unit\test_rag_manager.py:23: 
_ _ _ _ _ _ _ _ _ _ _ _ _ _ _ _ _ _ _ _ _ _ _ _ _ _ _ _ _ _ _ _ _ _ _ _ _ _ _ _ _ _ _ _ _ _ _ _

    def get_rag_manager() -&gt; RAGManager:
        """Get the singleton RAGManager instance, or a new one in test mode."""
&gt;       if os.environ.get('TEST_MODE') == '1' or 'pytest' in sys.modules:
E       NameError: name 'sys' is not defined. Did you forget to import 'sys'

whitelabel-rag\app\services\rag_manager.py:93: NameError</failure></testcase><testcase classname="whitelabel-rag.tests.unit.test_rag_manager.TestRAGManager" name="test_query_documents_basic_rag" time="0.016"><failure message="TypeError: RAGManager.query_documents() got an unexpected keyword argument 'workflow'">self = &lt;test_rag_manager.TestRAGManager object at 0x0000023EA2F45460&gt;
mock_get_chroma = &lt;MagicMock name='get_chroma_service_instance' id='2468056799456'&gt;

    @patch('app.services.rag_manager.get_chroma_service_instance')
    def test_query_documents_basic_rag(self, mock_get_chroma):
        """Test the basic RAG workflow"""
        # Setup mock
        mock_chroma = MagicMock()
        mock_get_chroma.return_value = mock_chroma
    
        # Mock chroma service query response
        mock_chroma.query.return_value = {
            "results": [
                {"text": "Document 1 content", "metadata": {"source": "doc1.pdf"}},
                {"text": "Document 2 content", "metadata": {"source": "doc2.pdf"}},
            ]
        }
    
        # Create test instance
        manager = RAGManager()
    
        # Call the method under test
&gt;       result = manager.query_documents(
            "test query",
            workflow="basic",
            n_results=2
        )
E       TypeError: RAGManager.query_documents() got an unexpected keyword argument 'workflow'

whitelabel-rag\tests\unit\test_rag_manager.py:46: TypeError</failure></testcase><testcase classname="whitelabel-rag.tests.unit.test_rag_manager.TestRAGManager" name="test_query_documents_advanced_rag" time="0.080"><failure message="TypeError: RAGManager.query_documents() got an unexpected keyword argument 'workflow'">self = &lt;test_rag_manager.TestRAGManager object at 0x0000023EA2F45730&gt;
mock_get_chroma = &lt;MagicMock name='get_chroma_service_instance' id='2468055354448'&gt;

    @patch('app.services.rag_manager.get_chroma_service_instance')
    def test_query_documents_advanced_rag(self, mock_get_chroma):
        """Test the advanced RAG workflow"""
        # Setup mock
        mock_chroma = MagicMock()
        mock_get_chroma.return_value = mock_chroma
    
        # Mock chroma service query response
        mock_chroma.query.return_value = {
            "results": [
                {"text": "Document 1 content", "metadata": {"source": "doc1.pdf"}},
                {"text": "Document 2 content", "metadata": {"source": "doc2.pdf"}},
                {"text": "Document 3 content", "metadata": {"source": "doc3.pdf"}},
            ]
        }
    
        # Create test instance
        manager = RAGManager()
    
        # Call the method under test
&gt;       result = manager.query_documents(
            "test query",
            workflow="advanced",
            n_results=3
        )
E       TypeError: RAGManager.query_documents() got an unexpected keyword argument 'workflow'

whitelabel-rag\tests\unit\test_rag_manager.py:80: TypeError</failure></testcase><testcase classname="whitelabel-rag.tests.unit.test_rag_manager.TestRAGManager" name="test_query_documents_recursive_rag" time="0.006"><failure message="TypeError: RAGManager.query_documents() got an unexpected keyword argument 'workflow'">self = &lt;test_rag_manager.TestRAGManager object at 0x0000023EA2F45A00&gt;
mock_get_chroma = &lt;MagicMock name='get_chroma_service_instance' id='2468059177440'&gt;

    @patch('app.services.rag_manager.get_chroma_service_instance')
    def test_query_documents_recursive_rag(self, mock_get_chroma):
        """Test the recursive RAG workflow"""
        # Setup mock
        mock_chroma = MagicMock()
        mock_get_chroma.return_value = mock_chroma
    
        # Mock chroma service query response
        mock_chroma.query.return_value = {
            "results": [
                {"text": "Document 1 content", "metadata": {"source": "doc1.pdf"}},
                {"text": "Document 2 content", "metadata": {"source": "doc2.pdf"}},
            ]
        }
    
        # Create test instance
        manager = RAGManager()
    
        # Call the method under test
&gt;       result = manager.query_documents(
            "test query with multiple parts",
            workflow="recursive",
            n_results=2
        )
E       TypeError: RAGManager.query_documents() got an unexpected keyword argument 'workflow'

whitelabel-rag\tests\unit\test_rag_manager.py:114: TypeError</failure></testcase><testcase classname="whitelabel-rag.tests.unit.test_rag_manager.TestRAGManager" name="test_query_documents_adaptive_rag" time="0.006"><failure message="TypeError: RAGManager.query_documents() got an unexpected keyword argument 'workflow'">self = &lt;test_rag_manager.TestRAGManager object at 0x0000023EA2F45CD0&gt;
mock_get_chroma = &lt;MagicMock name='get_chroma_service_instance' id='2468059044880'&gt;

    @patch('app.services.rag_manager.get_chroma_service_instance')
    def test_query_documents_adaptive_rag(self, mock_get_chroma):
        """Test the adaptive RAG workflow that selects the best approach"""
        # Setup mock
        mock_chroma = MagicMock()
        mock_get_chroma.return_value = mock_chroma
    
        # Mock chroma service query response
        mock_chroma.query.return_value = {
            "results": [
                {"text": "Document 1 content", "metadata": {"source": "doc1.pdf"}},
                {"text": "Document 2 content", "metadata": {"source": "doc2.pdf"}},
            ]
        }
    
        # Create test instance
        manager = RAGManager()
    
        # Call the method under test
&gt;       result = manager.query_documents(
            "test query",
            workflow="adaptive",
            n_results=2
        )
E       TypeError: RAGManager.query_documents() got an unexpected keyword argument 'workflow'

whitelabel-rag\tests\unit\test_rag_manager.py:146: TypeError</failure></testcase><testcase classname="whitelabel-rag.tests.unit.test_rag_manager.TestRAGManager" name="test_invalid_workflow" time="0.004"><failure message="TypeError: RAGManager.query_documents() got an unexpected keyword argument 'workflow'">self = &lt;test_rag_manager.TestRAGManager object at 0x0000023EA2F45FD0&gt;

    def test_invalid_workflow(self):
        """Test that an invalid workflow name raises an error"""
        manager = RAGManager()
    
        with pytest.raises(ValueError) as excinfo:
&gt;           manager.query_documents("test query", workflow="invalid_workflow")
E           TypeError: RAGManager.query_documents() got an unexpected keyword argument 'workflow'

whitelabel-rag\tests\unit\test_rag_manager.py:165: TypeError</failure></testcase><testcase classname="whitelabel-rag.tests.unit.test_sba_service.TestSbaService" name="test_placeholder" time="0.123" /></testsuite></testsuites>